;  LST file generated by mikroListExporter - v.2.0 
; Date/Time: 4/6/2021 1:03:43 PM
;----------------------------------------------

;Address Opcode 	ASM
0x0000	0xF003EFCC  	GOTO        1944
0x0004	0x0000      	NOP
0x0006	0x0000      	NOP
0x0008	0xF000EF00  	GOTO        0
0x000C	0x0000      	NOP
0x000E	0x0000      	NOP
0x0010	0x0000      	NOP
0x0012	0x0000      	NOP
0x0014	0x0000      	NOP
0x0016	0x0000      	NOP
0x0018	0xD7F3      	BRA         0
_FIXSIGN32:
;__Lib_MathDouble.c,117 :: 		
;__Lib_MathDouble.c,121 :: 		
0x001C	0xAE0A      	BTFSS       R10, 7, 0
;__Lib_MathDouble.c,122 :: 		
0x001E	0x9E02      	BCF         R2, 7, 0
;__Lib_MathDouble.c,123 :: 		
0x0020	0x0E00      	MOVLW       0
;__Lib_MathDouble.c,125 :: 		
L_end_FIXSIGN32:
0x0022	0x0012      	RETURN      0
; end of _FIXSIGN32
_Div_16x16_S_L:
;__Lib_Math.c,139 :: 		
;__Lib_Math.c,146 :: 		
0x0024	0x3401      	RLCF        R1, 0, 0
;__Lib_Math.c,147 :: 		
0x0026	0x3608      	RLCF        R8, 1, 0
;__Lib_Math.c,148 :: 		
0x0028	0x3609      	RLCF        R9, 1, 0
;__Lib_Math.c,149 :: 		
0x002A	0x5004      	MOVF        R4, 0, 0
;__Lib_Math.c,150 :: 		
0x002C	0x5E08      	SUBWF       R8, 1, 0
;__Lib_Math.c,151 :: 		
0x002E	0x5005      	MOVF        R5, 0, 0
;__Lib_Math.c,152 :: 		
0x0030	0xA0D8      	BTFSS       STATUS, 0, 0
;__Lib_Math.c,153 :: 		
0x0032	0x3C05      	INCFSZ      R5, 0, 0
;__Lib_Math.c,154 :: 		
0x0034	0x5E09      	SUBWF       R9, 1, 0
;__Lib_Math.c,155 :: 		
0x0036	0x3600      	RLCF        R0, 1, 0
;__Lib_Math.c,156 :: 		
0x0038	0x3601      	RLCF        R1, 1, 0
;__Lib_Math.c,158 :: 		
0x003A	0x0E0F      	MOVLW       15
;__Lib_Math.c,159 :: 		
0x003C	0x6E0C      	MOVWF       R12, 0
;__Lib_Math.c,161 :: 		
0x003E	0x3401      	RLCF        R1, 0, 0
;__Lib_Math.c,162 :: 		
0x0040	0x3608      	RLCF        R8, 1, 0
;__Lib_Math.c,163 :: 		
0x0042	0x3609      	RLCF        R9, 1, 0
;__Lib_Math.c,164 :: 		
0x0044	0x5004      	MOVF        R4, 0, 0
;__Lib_Math.c,166 :: 		
0x0046	0xA000      	BTFSS       R0, 0, 0
;__Lib_Math.c,167 :: 		
0x0048	0xD006      	BRA         $+14
;__Lib_Math.c,168 :: 		
0x004A	0x5E08      	SUBWF       R8, 1, 0
;__Lib_Math.c,169 :: 		
0x004C	0x5005      	MOVF        R5, 0, 0
;__Lib_Math.c,170 :: 		
0x004E	0xA0D8      	BTFSS       STATUS, 0, 0
;__Lib_Math.c,171 :: 		
0x0050	0x3C05      	INCFSZ      R5, 0, 0
;__Lib_Math.c,172 :: 		
0x0052	0x5E09      	SUBWF       R9, 1, 0
;__Lib_Math.c,173 :: 		
0x0054	0xD005      	BRA         $+12
;__Lib_Math.c,175 :: 		
0x0056	0x2608      	ADDWF       R8, 1, 0
;__Lib_Math.c,176 :: 		
0x0058	0x5005      	MOVF        R5, 0, 0
;__Lib_Math.c,177 :: 		
0x005A	0xB0D8      	BTFSC       STATUS, 0, 0
;__Lib_Math.c,178 :: 		
0x005C	0x3C05      	INCFSZ      R5, 0, 0
;__Lib_Math.c,179 :: 		
0x005E	0x2609      	ADDWF       R9, 1, 0
;__Lib_Math.c,181 :: 		
0x0060	0x3600      	RLCF        R0, 1, 0
;__Lib_Math.c,182 :: 		
0x0062	0x3601      	RLCF        R1, 1, 0
;__Lib_Math.c,184 :: 		
0x0064	0x2E0C      	DECFSZ      R12, 1, 0
;__Lib_Math.c,185 :: 		
0x0066	0xD7EB      	BRA         $-40
;__Lib_Math.c,187 :: 		
0x0068	0xB000      	BTFSC       R0, 0, 0
;__Lib_Math.c,188 :: 		
0x006A	0xD006      	BRA         $+14
;__Lib_Math.c,189 :: 		
0x006C	0x5004      	MOVF        R4, 0, 0
;__Lib_Math.c,190 :: 		
0x006E	0x2608      	ADDWF       R8, 1, 0
;__Lib_Math.c,191 :: 		
0x0070	0x5005      	MOVF        R5, 0, 0
;__Lib_Math.c,192 :: 		
0x0072	0xB0D8      	BTFSC       STATUS, 0, 0
;__Lib_Math.c,193 :: 		
0x0074	0x3C05      	INCFSZ      R5, 0, 0
;__Lib_Math.c,194 :: 		
0x0076	0x2609      	ADDWF       R9, 1, 0
;__Lib_Math.c,195 :: 		
0x0078	0x0000      	NOP
;__Lib_Math.c,197 :: 		
L_end_Div_16x16_S_L:
0x007A	0x0012      	RETURN      0
; end of _Div_16x16_S_L
_SETFUN32:
;__Lib_MathDouble.c,144 :: 		
;__Lib_MathDouble.c,152 :: 		
0x007C	0x840B      	BSF         R11, 2, 0
;__Lib_MathDouble.c,153 :: 		
0x007E	0xAE0B      	BTFSS       R11, 7, 0
;__Lib_MathDouble.c,154 :: 		
0x0080	0xF000EF49  	GOTO        SETFUN32EEE
;__Lib_MathDouble.c,156 :: 		
0x0084	0x0E01      	MOVLW       1
;__Lib_MathDouble.c,157 :: 		
0x0086	0x6E03      	MOVWF       R3, 0
;__Lib_MathDouble.c,158 :: 		
0x0088	0x6A02      	CLRF        R2, 0
;__Lib_MathDouble.c,159 :: 		
0x008A	0x6A01      	CLRF        R1, 0
;__Lib_MathDouble.c,160 :: 		
0x008C	0x6A00      	CLRF        R0, 0
;__Lib_MathDouble.c,161 :: 		
0x008E	0x360A      	RLCF        R10, 1, 0
;__Lib_MathDouble.c,162 :: 		
0x0090	0x3202      	RRCF        R2, 1, 0
;__Lib_MathDouble.c,163 :: 		
SETFUN32EEE:
;__Lib_MathDouble.c,164 :: 		
0x0092	0x0EFF      	MOVLW       255
;__Lib_MathDouble.c,166 :: 		
L_end_SETFUN32:
0x0094	0x0012      	RETURN      0
; end of _SETFUN32
_RES032:
;__Lib_MathDouble.c,128 :: 		
;__Lib_MathDouble.c,134 :: 		
0x0096	0x6A02      	CLRF        R2, 0
;__Lib_MathDouble.c,135 :: 		
0x0098	0x6A01      	CLRF        R1, 0
;__Lib_MathDouble.c,136 :: 		
0x009A	0x6A00      	CLRF        R0, 0
;__Lib_MathDouble.c,137 :: 		
0x009C	0x6A08      	CLRF        R8, 0
;__Lib_MathDouble.c,138 :: 		
0x009E	0x6A03      	CLRF        R3, 0
;__Lib_MathDouble.c,139 :: 		
0x00A0	0x0E00      	MOVLW       0
;__Lib_MathDouble.c,141 :: 		
L_end_RES032:
0x00A2	0x0012      	RETURN      0
; end of _RES032
_SETIOV3224:
;__Lib_MathDouble.c,530 :: 		
;__Lib_MathDouble.c,537 :: 		
0x00A4	0x800B      	BSF         R11, 0, 0
;__Lib_MathDouble.c,538 :: 		
0x00A6	0xAE0B      	BTFSS       R11, 7, 0
;__Lib_MathDouble.c,539 :: 		
0x00A8	0xF000EF5E  	GOTO        SETIOV3224EEE
;__Lib_MathDouble.c,541 :: 		
0x00AC	0x6A02      	CLRF        R2, 0
;__Lib_MathDouble.c,542 :: 		
0x00AE	0xAE0A      	BTFSS       R10, 7, 0
;__Lib_MathDouble.c,543 :: 		
0x00B0	0x0EFF      	MOVLW       255
;__Lib_MathDouble.c,544 :: 		
0x00B2	0x6E02      	MOVWF       R2, 0
;__Lib_MathDouble.c,545 :: 		
0x00B4	0x6E01      	MOVWF       R1, 0
;__Lib_MathDouble.c,546 :: 		
0x00B6	0x6E00      	MOVWF       R0, 0
;__Lib_MathDouble.c,547 :: 		
0x00B8	0x360A      	RLCF        R10, 1, 0
;__Lib_MathDouble.c,548 :: 		
0x00BA	0x3202      	RRCF        R2, 1, 0
;__Lib_MathDouble.c,549 :: 		
SETIOV3224EEE:
;__Lib_MathDouble.c,550 :: 		
0x00BC	0x0EFF      	MOVLW       255
;__Lib_MathDouble.c,552 :: 		
L_end_SETIOV3224:
0x00BE	0x0012      	RETURN      0
; end of _SETIOV3224
_SETFOV32:
;__Lib_MathDouble.c,82 :: 		
;__Lib_MathDouble.c,90 :: 		
0x00C0	0x820B      	BSF         R11, 1, 0
;__Lib_MathDouble.c,91 :: 		
0x00C2	0xAE0B      	BTFSS       R11, 7, 0
;__Lib_MathDouble.c,92 :: 		
0x00C4	0xF000EF6A  	GOTO        SETFOV32EEE
;__Lib_MathDouble.c,94 :: 		
0x00C8	0x6803      	SETF        R3, 0
;__Lib_MathDouble.c,95 :: 		
0x00CA	0x6802      	SETF        R2, 0
;__Lib_MathDouble.c,96 :: 		
0x00CC	0x6801      	SETF        R1, 0
;__Lib_MathDouble.c,97 :: 		
0x00CE	0x6800      	SETF        R0, 0
;__Lib_MathDouble.c,98 :: 		
0x00D0	0x360A      	RLCF        R10, 1, 0
;__Lib_MathDouble.c,99 :: 		
0x00D2	0x3202      	RRCF        R2, 1, 0
;__Lib_MathDouble.c,100 :: 		
SETFOV32EEE:
;__Lib_MathDouble.c,101 :: 		
0x00D4	0x0EFF      	MOVLW       255
;__Lib_MathDouble.c,103 :: 		
L_end_SETFOV32:
0x00D6	0x0012      	RETURN      0
; end of _SETFOV32
_Div_16x16_S:
;__Lib_Math.c,200 :: 		
;__Lib_Math.c,208 :: 		
0x00D8	0x5004      	MOVF        R4, 0 
0x00DA	0x0A00      	XORLW       0
0x00DC	0xE108      	BNZ         L_Div_16x16_S0
;__Lib_Math.c,209 :: 		
0x00DE	0x5005      	MOVF        R5, 0 
0x00E0	0x0A00      	XORLW       0
0x00E2	0xE105      	BNZ         L_Div_16x16_S1
;__Lib_Math.c,210 :: 		
0x00E4	0x0EFF      	MOVLW       255
0x00E6	0x6E00      	MOVWF       R0 
;__Lib_Math.c,211 :: 		
0x00E8	0x0E7F      	MOVLW       127
0x00EA	0x6E01      	MOVWF       R1 
;__Lib_Math.c,212 :: 		
0x00EC	0xD057      	BRA         L_end_Div_16x16_S
;__Lib_Math.c,213 :: 		
L_Div_16x16_S1:
L_Div_16x16_S0:
;__Lib_Math.c,216 :: 		
0x00EE	0x6A0D      	CLRF        R13, 0
;__Lib_Math.c,217 :: 		
0x00F0	0x6A09      	CLRF        R9, 0
;__Lib_Math.c,218 :: 		
0x00F2	0x6A08      	CLRF        R8, 0
;__Lib_Math.c,219 :: 		
0x00F4	0x5001      	MOVF        R1, 0, 0
;__Lib_Math.c,220 :: 		
0x00F6	0x1000      	IORWF       R0, 0, 0
;__Lib_Math.c,221 :: 		
0x00F8	0xB4D8      	BTFSC       STATUS, 2, 0
;__Lib_Math.c,222 :: 		
0x00FA	0x0C00      	RETLW       0
;__Lib_Math.c,224 :: 		
0x00FC	0x5001      	MOVF        R1, 0, 0
;__Lib_Math.c,225 :: 		
0x00FE	0x1805      	XORWF       R5, 0, 0
;__Lib_Math.c,226 :: 		
0x0100	0x6E0A      	MOVWF       R10, 0
;__Lib_Math.c,227 :: 		
0x0102	0xBE0A      	BTFSC       R10, 7, 0
;__Lib_Math.c,228 :: 		
0x0104	0x1E0D      	COMF        R13, 1, 0
;__Lib_Math.c,230 :: 		
0x0106	0x6A0B      	CLRF        R11, 0
;__Lib_Math.c,232 :: 		
0x0108	0xAE05      	BTFSS       R5, 7, 0
;__Lib_Math.c,233 :: 		
0x010A	0xD005      	BRA         $+12
;__Lib_Math.c,235 :: 		
0x010C	0x1E04      	COMF        R4, 1, 0
;__Lib_Math.c,236 :: 		
0x010E	0x1E05      	COMF        R5, 1, 0
;__Lib_Math.c,237 :: 		
0x0110	0x2A04      	INCF        R4, 1, 0
;__Lib_Math.c,238 :: 		
0x0112	0xB4D8      	BTFSC       STATUS, 2, 0
;__Lib_Math.c,239 :: 		
0x0114	0x2A05      	INCF        R5, 1, 0
;__Lib_Math.c,241 :: 		
0x0116	0xAE01      	BTFSS       R1, 7, 0
;__Lib_Math.c,242 :: 		
0x0118	0xD005      	BRA         $+12
;__Lib_Math.c,244 :: 		
0x011A	0x1E00      	COMF        R0, 1, 0
;__Lib_Math.c,245 :: 		
0x011C	0x1E01      	COMF        R1, 1, 0
;__Lib_Math.c,246 :: 		
0x011E	0x2A00      	INCF        R0, 1, 0
;__Lib_Math.c,247 :: 		
0x0120	0xB4D8      	BTFSC       STATUS, 2, 0
;__Lib_Math.c,248 :: 		
0x0122	0x2A01      	INCF        R1, 1, 0
;__Lib_Math.c,250 :: 		
0x0124	0x5001      	MOVF        R1, 0, 0
;__Lib_Math.c,251 :: 		
0x0126	0x1005      	IORWF       R5, 0, 0
;__Lib_Math.c,252 :: 		
0x0128	0x6E0A      	MOVWF       R10, 0
;__Lib_Math.c,253 :: 		
0x012A	0xBE0A      	BTFSC       R10, 7, 0
;__Lib_Math.c,254 :: 		
0x012C	0xD010      	BRA         $+34
;__Lib_Math.c,256 :: 		
0x012E	0xDF7A      	RCALL       _Div_16x16_S_L
;__Lib_Math.c,258 :: 		
0x0130	0xB00B      	BTFSC       R11, 0, 0
;__Lib_Math.c,259 :: 		
0x0132	0xD020      	BRA         $+66
;__Lib_Math.c,261 :: 		
0x0134	0xAE0D      	BTFSS       R13, 7, 0
;__Lib_Math.c,262 :: 		
0x0136	0x0C00      	RETLW       0
;__Lib_Math.c,264 :: 		
0x0138	0x1E00      	COMF        R0, 1, 0
;__Lib_Math.c,265 :: 		
0x013A	0x1E01      	COMF        R1, 1, 0
;__Lib_Math.c,266 :: 		
0x013C	0x2A00      	INCF        R0, 1, 0
;__Lib_Math.c,267 :: 		
0x013E	0xB4D8      	BTFSC       STATUS, 2, 0
;__Lib_Math.c,268 :: 		
0x0140	0x2A01      	INCF        R1, 1, 0
;__Lib_Math.c,270 :: 		
0x0142	0x1E08      	COMF        R8, 1, 0
;__Lib_Math.c,271 :: 		
0x0144	0x1E09      	COMF        R9, 1, 0
;__Lib_Math.c,272 :: 		
0x0146	0x2A08      	INCF        R8, 1, 0
;__Lib_Math.c,273 :: 		
0x0148	0xB4D8      	BTFSC       STATUS, 2, 0
;__Lib_Math.c,274 :: 		
0x014A	0x2A09      	INCF        R9, 1, 0
;__Lib_Math.c,276 :: 		
0x014C	0x0C00      	RETLW       0
;__Lib_Math.c,278 :: 		
0x014E	0xAE05      	BTFSS       R5, 7, 0
;__Lib_Math.c,279 :: 		
0x0150	0xD00D      	BRA         $+28
;__Lib_Math.c,280 :: 		
0x0152	0xBE01      	BTFSC       R1, 7, 0
;__Lib_Math.c,281 :: 		
0x0154	0xD007      	BRA         $+16
;__Lib_Math.c,282 :: 		
0x0156	0x5001      	MOVF        R1, 0, 0
;__Lib_Math.c,283 :: 		
0x0158	0x6E09      	MOVWF       R9, 0
;__Lib_Math.c,284 :: 		
0x015A	0x5000      	MOVF        R0, 0, 0
;__Lib_Math.c,285 :: 		
0x015C	0x6E08      	MOVWF       R8, 0
;__Lib_Math.c,286 :: 		
0x015E	0x6A01      	CLRF        R1, 0
;__Lib_Math.c,287 :: 		
0x0160	0x6A00      	CLRF        R0, 0
;__Lib_Math.c,288 :: 		
0x0162	0xD7E8      	BRA         $-46
;__Lib_Math.c,289 :: 		
0x0164	0x6A01      	CLRF        R1, 0
;__Lib_Math.c,290 :: 		
0x0166	0x6A00      	CLRF        R0, 0
;__Lib_Math.c,291 :: 		
0x0168	0x2A00      	INCF        R0, 1, 0
;__Lib_Math.c,292 :: 		
0x016A	0x0C00      	RETLW       0
;__Lib_Math.c,294 :: 		
0x016C	0x1E01      	COMF        R1, 1, 0
;__Lib_Math.c,295 :: 		
0x016E	0x1E00      	COMF        R0, 1, 0
;__Lib_Math.c,296 :: 		
0x0170	0x2A0B      	INCF        R11, 1, 0
;__Lib_Math.c,297 :: 		
0x0172	0xD7DD      	BRA         $-68
;__Lib_Math.c,299 :: 		
0x0174	0x2A08      	INCF        R8, 1, 0
;__Lib_Math.c,300 :: 		
0x0176	0xB4D8      	BTFSC       STATUS, 2, 0
;__Lib_Math.c,301 :: 		
0x0178	0x2A09      	INCF        R9, 1, 0
;__Lib_Math.c,302 :: 		
0x017A	0x5004      	MOVF        R4, 0, 0
;__Lib_Math.c,303 :: 		
0x017C	0x5C08      	SUBWF       R8, 0, 0
;__Lib_Math.c,304 :: 		
0x017E	0xA4D8      	BTFSS       STATUS, 2, 0
;__Lib_Math.c,305 :: 		
0x0180	0xD7D9      	BRA         $-76
;__Lib_Math.c,306 :: 		
0x0182	0x5005      	MOVF        R5, 0, 0
;__Lib_Math.c,307 :: 		
0x0184	0x5C09      	SUBWF       R9, 0, 0
;__Lib_Math.c,308 :: 		
0x0186	0xA4D8      	BTFSS       STATUS, 2, 0
;__Lib_Math.c,309 :: 		
0x0188	0xD7D5      	BRA         $-84
;__Lib_Math.c,310 :: 		
0x018A	0x6A09      	CLRF        R9, 0
;__Lib_Math.c,311 :: 		
0x018C	0x6A08      	CLRF        R8, 0
;__Lib_Math.c,312 :: 		
0x018E	0x2A00      	INCF        R0, 1, 0
;__Lib_Math.c,313 :: 		
0x0190	0xB4D8      	BTFSC       STATUS, 2, 0
;__Lib_Math.c,314 :: 		
0x0192	0x2A01      	INCF        R1, 1, 0
;__Lib_Math.c,315 :: 		
0x0194	0xAE01      	BTFSS       R1, 7, 0
;__Lib_Math.c,316 :: 		
0x0196	0xD7CE      	BRA         $-98
;__Lib_Math.c,317 :: 		
0x0198	0x0000      	NOP
;__Lib_Math.c,318 :: 		
0x019A	0x0CFF      	RETLW       255
;__Lib_Math.c,320 :: 		
L_end_Div_16x16_S:
0x019C	0x0012      	RETURN      0
; end of _Div_16x16_S
_Mul_16X16_U:
;__Lib_Math.c,440 :: 		
;__Lib_Math.c,447 :: 		
0x019E	0x6A0B      	CLRF        R11, 0
;__Lib_Math.c,448 :: 		
0x01A0	0x6A0A      	CLRF        R10, 0
;__Lib_Math.c,449 :: 		
0x01A2	0x6A09      	CLRF        R9, 0
;__Lib_Math.c,450 :: 		
0x01A4	0x5000      	MOVF        R0, 0, 0
;__Lib_Math.c,451 :: 		
0x01A6	0x0204      	MULWF       R4, 0
;__Lib_Math.c,453 :: 		
0x01A8	0xF009CFF4  	MOVFF       PRODH, R9
;__Lib_Math.c,454 :: 		
0x01AC	0xF008CFF3  	MOVFF       PRODL, R8
;__Lib_Math.c,455 :: 		
0x01B0	0x5001      	MOVF        R1, 0, 0
;__Lib_Math.c,456 :: 		
0x01B2	0x0205      	MULWF       R5, 0
;__Lib_Math.c,458 :: 		
0x01B4	0xF00BCFF4  	MOVFF       PRODH, R11
;__Lib_Math.c,459 :: 		
0x01B8	0xF00ACFF3  	MOVFF       PRODL, R10
;__Lib_Math.c,460 :: 		
0x01BC	0x5000      	MOVF        R0, 0, 0
;__Lib_Math.c,461 :: 		
0x01BE	0x0205      	MULWF       R5, 0
;__Lib_Math.c,463 :: 		
0x01C0	0x50F3      	MOVF        PRODL, 0, 0
;__Lib_Math.c,464 :: 		
0x01C2	0x2609      	ADDWF       R9, 1, 0
;__Lib_Math.c,465 :: 		
0x01C4	0x50F4      	MOVF        PRODH, 0, 0
;__Lib_Math.c,466 :: 		
0x01C6	0x220A      	ADDWFC      R10, 1, 0
;__Lib_Math.c,467 :: 		
0x01C8	0x6AE8      	CLRF        WREG, 0
;__Lib_Math.c,468 :: 		
0x01CA	0x220B      	ADDWFC      R11, 1, 0
;__Lib_Math.c,469 :: 		
0x01CC	0x5001      	MOVF        R1, 0, 0
;__Lib_Math.c,470 :: 		
0x01CE	0x0204      	MULWF       R4, 0
;__Lib_Math.c,472 :: 		
0x01D0	0x50F3      	MOVF        PRODL, 0, 0
;__Lib_Math.c,473 :: 		
0x01D2	0x2609      	ADDWF       R9, 1, 0
;__Lib_Math.c,474 :: 		
0x01D4	0x50F4      	MOVF        PRODH, 0, 0
;__Lib_Math.c,475 :: 		
0x01D6	0x220A      	ADDWFC      R10, 1, 0
;__Lib_Math.c,476 :: 		
0x01D8	0x6AE8      	CLRF        WREG, 0
;__Lib_Math.c,477 :: 		
0x01DA	0x220B      	ADDWFC      R11, 1, 0
;__Lib_Math.c,479 :: 		
0x01DC	0xF000C008  	MOVFF       R8, R0
;__Lib_Math.c,480 :: 		
0x01E0	0xF001C009  	MOVFF       R9, R1
;__Lib_Math.c,481 :: 		
0x01E4	0xF002C00A  	MOVFF       R10, R2
;__Lib_Math.c,482 :: 		
0x01E8	0xF003C00B  	MOVFF       R11, R3
;__Lib_Math.c,485 :: 		
L_end_Mul_16X16_U:
0x01EC	0x0012      	RETURN      0
; end of _Mul_16X16_U
_afficheChiffre:
;MyProject.c,4 :: 		void afficheChiffre(char chiffre,int position){
;MyProject.c,5 :: 		LATA = 0x01 << position;                 //Registre de sortie active les 4 afficheurs 7segments en fonction de la position
0x01EE	0xF001C033  	MOVFF       FARG_afficheChiffre_position, R1
0x01F2	0x0E01      	MOVLW       1
0x01F4	0x6E00      	MOVWF       R0 
0x01F6	0x5001      	MOVF        R1, 0 
L__afficheChiffre32:
0x01F8	0xE004      	BZ          L__afficheChiffre33
0x01FA	0x3600      	RLCF        R0, 1 
0x01FC	0x9000      	BCF         R0, 0 
0x01FE	0x0FFF      	ADDLW       255
0x0200	0xD7FB      	BRA         L__afficheChiffre32
L__afficheChiffre33:
0x0202	0xFF89C000  	MOVFF       R0, LATA
;MyProject.c,6 :: 		switch(chiffre){
0x0206	0xD05B      	BRA         L_afficheChiffre0
;MyProject.c,7 :: 		case 0:LATD0_bit = 1;LATD1_bit = 1;LATD2_bit = 1;LATD3_bit = 1;
L_afficheChiffre2:
0x0208	0x808C      	BSF         LATD0_bit, BitPos(LATD0_bit+0) 
0x020A	0x828C      	BSF         LATD1_bit, BitPos(LATD1_bit+0) 
0x020C	0x848C      	BSF         LATD2_bit, BitPos(LATD2_bit+0) 
0x020E	0x868C      	BSF         LATD3_bit, BitPos(LATD3_bit+0) 
;MyProject.c,8 :: 		LATD4_bit = 1;LATD5_bit = 1;LATD6_bit = 0;LATD7_bit = 0;
0x0210	0x888C      	BSF         LATD4_bit, BitPos(LATD4_bit+0) 
0x0212	0x8A8C      	BSF         LATD5_bit, BitPos(LATD5_bit+0) 
0x0214	0x9C8C      	BCF         LATD6_bit, BitPos(LATD6_bit+0) 
0x0216	0x9E8C      	BCF         LATD7_bit, BitPos(LATD7_bit+0) 
;MyProject.c,9 :: 		break;
0x0218	0xD071      	BRA         L_afficheChiffre1
;MyProject.c,10 :: 		case 1:LATD0_bit = 0;LATD1_bit = 1;LATD2_bit = 1;LATD3_bit = 0;
L_afficheChiffre3:
0x021A	0x908C      	BCF         LATD0_bit, BitPos(LATD0_bit+0) 
0x021C	0x828C      	BSF         LATD1_bit, BitPos(LATD1_bit+0) 
0x021E	0x848C      	BSF         LATD2_bit, BitPos(LATD2_bit+0) 
0x0220	0x968C      	BCF         LATD3_bit, BitPos(LATD3_bit+0) 
;MyProject.c,11 :: 		LATD4_bit = 0;LATD5_bit = 0;LATD6_bit = 0;LATD7_bit = 0;
0x0222	0x988C      	BCF         LATD4_bit, BitPos(LATD4_bit+0) 
0x0224	0x9A8C      	BCF         LATD5_bit, BitPos(LATD5_bit+0) 
0x0226	0x9C8C      	BCF         LATD6_bit, BitPos(LATD6_bit+0) 
0x0228	0x9E8C      	BCF         LATD7_bit, BitPos(LATD7_bit+0) 
;MyProject.c,12 :: 		break;
0x022A	0xD068      	BRA         L_afficheChiffre1
;MyProject.c,13 :: 		case 2:LATD0_bit = 1;LATD1_bit = 1;LATD2_bit = 0;LATD3_bit = 1;
L_afficheChiffre4:
0x022C	0x808C      	BSF         LATD0_bit, BitPos(LATD0_bit+0) 
0x022E	0x828C      	BSF         LATD1_bit, BitPos(LATD1_bit+0) 
0x0230	0x948C      	BCF         LATD2_bit, BitPos(LATD2_bit+0) 
0x0232	0x868C      	BSF         LATD3_bit, BitPos(LATD3_bit+0) 
;MyProject.c,14 :: 		LATD4_bit = 1;LATD5_bit = 0;LATD6_bit = 1;LATD7_bit = 0;
0x0234	0x888C      	BSF         LATD4_bit, BitPos(LATD4_bit+0) 
0x0236	0x9A8C      	BCF         LATD5_bit, BitPos(LATD5_bit+0) 
0x0238	0x8C8C      	BSF         LATD6_bit, BitPos(LATD6_bit+0) 
0x023A	0x9E8C      	BCF         LATD7_bit, BitPos(LATD7_bit+0) 
;MyProject.c,15 :: 		break;
0x023C	0xD05F      	BRA         L_afficheChiffre1
;MyProject.c,16 :: 		case 3:LATD0_bit = 1;LATD1_bit = 1;LATD2_bit = 1;LATD3_bit = 1;
L_afficheChiffre5:
0x023E	0x808C      	BSF         LATD0_bit, BitPos(LATD0_bit+0) 
0x0240	0x828C      	BSF         LATD1_bit, BitPos(LATD1_bit+0) 
0x0242	0x848C      	BSF         LATD2_bit, BitPos(LATD2_bit+0) 
0x0244	0x868C      	BSF         LATD3_bit, BitPos(LATD3_bit+0) 
;MyProject.c,17 :: 		LATD4_bit = 0;LATD5_bit = 0;LATD6_bit = 1;LATD7_bit = 0;
0x0246	0x988C      	BCF         LATD4_bit, BitPos(LATD4_bit+0) 
0x0248	0x9A8C      	BCF         LATD5_bit, BitPos(LATD5_bit+0) 
0x024A	0x8C8C      	BSF         LATD6_bit, BitPos(LATD6_bit+0) 
0x024C	0x9E8C      	BCF         LATD7_bit, BitPos(LATD7_bit+0) 
;MyProject.c,18 :: 		break;
0x024E	0xD056      	BRA         L_afficheChiffre1
;MyProject.c,19 :: 		case 4:LATD0_bit = 0;LATD1_bit = 1;LATD2_bit = 1;LATD3_bit = 0;
L_afficheChiffre6:
0x0250	0x908C      	BCF         LATD0_bit, BitPos(LATD0_bit+0) 
0x0252	0x828C      	BSF         LATD1_bit, BitPos(LATD1_bit+0) 
0x0254	0x848C      	BSF         LATD2_bit, BitPos(LATD2_bit+0) 
0x0256	0x968C      	BCF         LATD3_bit, BitPos(LATD3_bit+0) 
;MyProject.c,20 :: 		LATD4_bit = 0;LATD5_bit = 1;LATD6_bit = 1;LATD7_bit = 0;
0x0258	0x988C      	BCF         LATD4_bit, BitPos(LATD4_bit+0) 
0x025A	0x8A8C      	BSF         LATD5_bit, BitPos(LATD5_bit+0) 
0x025C	0x8C8C      	BSF         LATD6_bit, BitPos(LATD6_bit+0) 
0x025E	0x9E8C      	BCF         LATD7_bit, BitPos(LATD7_bit+0) 
;MyProject.c,21 :: 		break;
0x0260	0xD04D      	BRA         L_afficheChiffre1
;MyProject.c,22 :: 		case 5:LATD0_bit = 1;LATD1_bit = 0;LATD2_bit = 1;LATD3_bit = 1;
L_afficheChiffre7:
0x0262	0x808C      	BSF         LATD0_bit, BitPos(LATD0_bit+0) 
0x0264	0x928C      	BCF         LATD1_bit, BitPos(LATD1_bit+0) 
0x0266	0x848C      	BSF         LATD2_bit, BitPos(LATD2_bit+0) 
0x0268	0x868C      	BSF         LATD3_bit, BitPos(LATD3_bit+0) 
;MyProject.c,23 :: 		LATD4_bit = 0;LATD5_bit = 1;LATD6_bit = 1;LATD7_bit = 0;
0x026A	0x988C      	BCF         LATD4_bit, BitPos(LATD4_bit+0) 
0x026C	0x8A8C      	BSF         LATD5_bit, BitPos(LATD5_bit+0) 
0x026E	0x8C8C      	BSF         LATD6_bit, BitPos(LATD6_bit+0) 
0x0270	0x9E8C      	BCF         LATD7_bit, BitPos(LATD7_bit+0) 
;MyProject.c,24 :: 		break;
0x0272	0xD044      	BRA         L_afficheChiffre1
;MyProject.c,25 :: 		case 6:LATD0_bit = 1;LATD1_bit = 0;LATD2_bit = 1;LATD3_bit = 1;
L_afficheChiffre8:
0x0274	0x808C      	BSF         LATD0_bit, BitPos(LATD0_bit+0) 
0x0276	0x928C      	BCF         LATD1_bit, BitPos(LATD1_bit+0) 
0x0278	0x848C      	BSF         LATD2_bit, BitPos(LATD2_bit+0) 
0x027A	0x868C      	BSF         LATD3_bit, BitPos(LATD3_bit+0) 
;MyProject.c,26 :: 		LATD4_bit = 1;LATD5_bit = 1;LATD6_bit = 1;LATD7_bit = 0;
0x027C	0x888C      	BSF         LATD4_bit, BitPos(LATD4_bit+0) 
0x027E	0x8A8C      	BSF         LATD5_bit, BitPos(LATD5_bit+0) 
0x0280	0x8C8C      	BSF         LATD6_bit, BitPos(LATD6_bit+0) 
0x0282	0x9E8C      	BCF         LATD7_bit, BitPos(LATD7_bit+0) 
;MyProject.c,27 :: 		break;
0x0284	0xD03B      	BRA         L_afficheChiffre1
;MyProject.c,28 :: 		case 7:LATD0_bit = 1;LATD1_bit = 1;LATD2_bit = 1;LATD3_bit = 0;
L_afficheChiffre9:
0x0286	0x808C      	BSF         LATD0_bit, BitPos(LATD0_bit+0) 
0x0288	0x828C      	BSF         LATD1_bit, BitPos(LATD1_bit+0) 
0x028A	0x848C      	BSF         LATD2_bit, BitPos(LATD2_bit+0) 
0x028C	0x968C      	BCF         LATD3_bit, BitPos(LATD3_bit+0) 
;MyProject.c,29 :: 		LATD4_bit = 0;LATD5_bit = 0;LATD6_bit = 0;LATD7_bit = 0;
0x028E	0x988C      	BCF         LATD4_bit, BitPos(LATD4_bit+0) 
0x0290	0x9A8C      	BCF         LATD5_bit, BitPos(LATD5_bit+0) 
0x0292	0x9C8C      	BCF         LATD6_bit, BitPos(LATD6_bit+0) 
0x0294	0x9E8C      	BCF         LATD7_bit, BitPos(LATD7_bit+0) 
;MyProject.c,30 :: 		break;
0x0296	0xD032      	BRA         L_afficheChiffre1
;MyProject.c,31 :: 		case 8:LATD0_bit = 1;LATD1_bit = 1;LATD2_bit = 1;LATD3_bit = 1;
L_afficheChiffre10:
0x0298	0x808C      	BSF         LATD0_bit, BitPos(LATD0_bit+0) 
0x029A	0x828C      	BSF         LATD1_bit, BitPos(LATD1_bit+0) 
0x029C	0x848C      	BSF         LATD2_bit, BitPos(LATD2_bit+0) 
0x029E	0x868C      	BSF         LATD3_bit, BitPos(LATD3_bit+0) 
;MyProject.c,32 :: 		LATD4_bit = 1;LATD5_bit = 1;LATD6_bit = 1;LATD7_bit = 0;
0x02A0	0x888C      	BSF         LATD4_bit, BitPos(LATD4_bit+0) 
0x02A2	0x8A8C      	BSF         LATD5_bit, BitPos(LATD5_bit+0) 
0x02A4	0x8C8C      	BSF         LATD6_bit, BitPos(LATD6_bit+0) 
0x02A6	0x9E8C      	BCF         LATD7_bit, BitPos(LATD7_bit+0) 
;MyProject.c,33 :: 		break;
0x02A8	0xD029      	BRA         L_afficheChiffre1
;MyProject.c,34 :: 		case 9:LATD0_bit = 1;LATD1_bit = 1;LATD2_bit = 1;LATD3_bit = 1;
L_afficheChiffre11:
0x02AA	0x808C      	BSF         LATD0_bit, BitPos(LATD0_bit+0) 
0x02AC	0x828C      	BSF         LATD1_bit, BitPos(LATD1_bit+0) 
0x02AE	0x848C      	BSF         LATD2_bit, BitPos(LATD2_bit+0) 
0x02B0	0x868C      	BSF         LATD3_bit, BitPos(LATD3_bit+0) 
;MyProject.c,35 :: 		LATD4_bit = 0;LATD5_bit = 1;LATD6_bit = 1;LATD7_bit = 0;
0x02B2	0x988C      	BCF         LATD4_bit, BitPos(LATD4_bit+0) 
0x02B4	0x8A8C      	BSF         LATD5_bit, BitPos(LATD5_bit+0) 
0x02B6	0x8C8C      	BSF         LATD6_bit, BitPos(LATD6_bit+0) 
0x02B8	0x9E8C      	BCF         LATD7_bit, BitPos(LATD7_bit+0) 
;MyProject.c,36 :: 		break;
0x02BA	0xD020      	BRA         L_afficheChiffre1
;MyProject.c,37 :: 		default:
L_afficheChiffre12:
;MyProject.c,38 :: 		break;
0x02BC	0xD01F      	BRA         L_afficheChiffre1
;MyProject.c,39 :: 		}
L_afficheChiffre0:
0x02BE	0x5032      	MOVF        FARG_afficheChiffre_chiffre, 0 
0x02C0	0x0A00      	XORLW       0
0x02C2	0xE0A2      	BZ          L_afficheChiffre2
0x02C4	0x5032      	MOVF        FARG_afficheChiffre_chiffre, 0 
0x02C6	0x0A01      	XORLW       1
0x02C8	0xE0A8      	BZ          L_afficheChiffre3
0x02CA	0x5032      	MOVF        FARG_afficheChiffre_chiffre, 0 
0x02CC	0x0A02      	XORLW       2
0x02CE	0xE0AE      	BZ          L_afficheChiffre4
0x02D0	0x5032      	MOVF        FARG_afficheChiffre_chiffre, 0 
0x02D2	0x0A03      	XORLW       3
0x02D4	0xE0B4      	BZ          L_afficheChiffre5
0x02D6	0x5032      	MOVF        FARG_afficheChiffre_chiffre, 0 
0x02D8	0x0A04      	XORLW       4
0x02DA	0xE0BA      	BZ          L_afficheChiffre6
0x02DC	0x5032      	MOVF        FARG_afficheChiffre_chiffre, 0 
0x02DE	0x0A05      	XORLW       5
0x02E0	0xE0C0      	BZ          L_afficheChiffre7
0x02E2	0x5032      	MOVF        FARG_afficheChiffre_chiffre, 0 
0x02E4	0x0A06      	XORLW       6
0x02E6	0xE0C6      	BZ          L_afficheChiffre8
0x02E8	0x5032      	MOVF        FARG_afficheChiffre_chiffre, 0 
0x02EA	0x0A07      	XORLW       7
0x02EC	0xE0CC      	BZ          L_afficheChiffre9
0x02EE	0x5032      	MOVF        FARG_afficheChiffre_chiffre, 0 
0x02F0	0x0A08      	XORLW       8
0x02F2	0xE0D2      	BZ          L_afficheChiffre10
0x02F4	0x5032      	MOVF        FARG_afficheChiffre_chiffre, 0 
0x02F6	0x0A09      	XORLW       9
0x02F8	0xE0D8      	BZ          L_afficheChiffre11
0x02FA	0xD7E0      	BRA         L_afficheChiffre12
L_afficheChiffre1:
;MyProject.c,40 :: 		}
L_end_afficheChiffre:
0x02FC	0x0012      	RETURN      0
; end of _afficheChiffre
_SETFDZ32:
;__Lib_MathDouble.c,106 :: 		
;__Lib_MathDouble.c,110 :: 		
0x02FE	0x6A0B      	CLRF        R11, 0
;__Lib_MathDouble.c,111 :: 		
0x0300	0x860B      	BSF         R11, 3, 0
;__Lib_MathDouble.c,112 :: 		
0x0302	0x0EFF      	MOVLW       255
;__Lib_MathDouble.c,114 :: 		
L_end_SETFDZ32:
0x0304	0x0012      	RETURN      0
; end of _SETFDZ32
_NRM3232:
;__Lib_MathDouble.c,455 :: 		
;__Lib_MathDouble.c,463 :: 		
0x0306	0x6A0C      	CLRF        R12, 0
;__Lib_MathDouble.c,464 :: 		
0x0308	0x6A0E      	CLRF        R14, 0
;__Lib_MathDouble.c,465 :: 		
0x030A	0x5002      	MOVF        R2, 0, 0
;__Lib_MathDouble.c,466 :: 		
0x030C	0xA4D8      	BTFSS       STATUS, 2, 0
;__Lib_MathDouble.c,467 :: 		
0x030E	0xF001EF9C  	GOTO        NORM3232
;__Lib_MathDouble.c,468 :: 		
0x0312	0xF002C001  	MOVFF       R1, R2
;__Lib_MathDouble.c,469 :: 		
0x0316	0xF001C000  	MOVFF       R0, R1
;__Lib_MathDouble.c,470 :: 		
0x031A	0x6A00      	CLRF        R0, 0
;__Lib_MathDouble.c,471 :: 		
0x031C	0x860E      	BSF         R14, 3, 0
;__Lib_MathDouble.c,473 :: 		
0x031E	0x5002      	MOVF        R2, 0, 0
;__Lib_MathDouble.c,474 :: 		
0x0320	0xA4D8      	BTFSS       STATUS, 2, 0
;__Lib_MathDouble.c,475 :: 		
0x0322	0xF001EF9C  	GOTO        NORM3232
;__Lib_MathDouble.c,476 :: 		
0x0326	0xF002C001  	MOVFF       R1, R2
;__Lib_MathDouble.c,477 :: 		
0x032A	0x6A01      	CLRF        R1, 0
;__Lib_MathDouble.c,478 :: 		
0x032C	0x960E      	BCF         R14, 3, 0
;__Lib_MathDouble.c,479 :: 		
0x032E	0x880E      	BSF         R14, 4, 0
;__Lib_MathDouble.c,481 :: 		
0x0330	0x5002      	MOVF        R2, 0, 0
;__Lib_MathDouble.c,482 :: 		
0x0332	0xB4D8      	BTFSC       STATUS, 2, 0
;__Lib_MathDouble.c,483 :: 		
0x0334	0xF001EFAE  	GOTO        JPNRES032
;__Lib_MathDouble.c,484 :: 		
NORM3232:
;__Lib_MathDouble.c,485 :: 		
0x0338	0x500E      	MOVF        R14, 0, 0
;__Lib_MathDouble.c,486 :: 		
0x033A	0x5E03      	SUBWF       R3, 1, 0
;__Lib_MathDouble.c,487 :: 		
0x033C	0xA4D8      	BTFSS       STATUS, 2, 0
;__Lib_MathDouble.c,488 :: 		
0x033E	0xA0D8      	BTFSS       STATUS, 0, 0
;__Lib_MathDouble.c,489 :: 		
0x0340	0xF001EFB3  	GOTO        JPNSETFUN32
;__Lib_MathDouble.c,490 :: 		
0x0344	0x90D8      	BCF         STATUS, 0, 0
;__Lib_MathDouble.c,491 :: 		
NORM3232A:
;__Lib_MathDouble.c,492 :: 		
0x0346	0xBE02      	BTFSC       R2, 7, 0
;__Lib_MathDouble.c,493 :: 		
0x0348	0xF001EFB8  	GOTO        JMPNFIXSIGN32
;__Lib_MathDouble.c,494 :: 		
0x034C	0x3600      	RLCF        R0, 1, 0
;__Lib_MathDouble.c,495 :: 		
0x034E	0x3601      	RLCF        R1, 1, 0
;__Lib_MathDouble.c,496 :: 		
0x0350	0x3602      	RLCF        R2, 1, 0
;__Lib_MathDouble.c,497 :: 		
0x0352	0x2E03      	DECFSZ      R3, 1, 0
;__Lib_MathDouble.c,498 :: 		
0x0354	0xF001EFA3  	GOTO        NORM3232A
;__Lib_MathDouble.c,499 :: 		
0x0358	0xF001EFB3  	GOTO        JPNSETFUN32
;__Lib_MathDouble.c,500 :: 		
JPNRES032:
;__Lib_MathDouble.c,501 :: 		
0x035C	0x0E01      	MOVLW       1
;__Lib_MathDouble.c,502 :: 		
0x035E	0x6E0C      	MOVWF       R12, 0
;__Lib_MathDouble.c,504 :: 		
0x0360	0xDE9A      	RCALL       _RES032
;__Lib_MathDouble.c,506 :: 		
0x0362	0xF001EFBB  	GOTO        NORM32EEE
;__Lib_MathDouble.c,507 :: 		
JPNSETFUN32:
;__Lib_MathDouble.c,508 :: 		
0x0366	0x0E02      	MOVLW       2
;__Lib_MathDouble.c,509 :: 		
0x0368	0x6E0C      	MOVWF       R12, 0
;__Lib_MathDouble.c,511 :: 		
0x036A	0xDE88      	RCALL       _SETFUN32
;__Lib_MathDouble.c,513 :: 		
0x036C	0xF001EFBB  	GOTO        NORM32EEE
;__Lib_MathDouble.c,514 :: 		
JMPNFIXSIGN32:
;__Lib_MathDouble.c,515 :: 		
0x0370	0x0E04      	MOVLW       4
;__Lib_MathDouble.c,516 :: 		
0x0372	0x6E0C      	MOVWF       R12, 0
;__Lib_MathDouble.c,518 :: 		
0x0374	0xDE53      	RCALL       _FIXSIGN32
;__Lib_MathDouble.c,520 :: 		
NORM32EEE:
;__Lib_MathDouble.c,527 :: 		
L_end_NRM3232:
0x0376	0x0012      	RETURN      0
; end of _NRM3232
___CC2DW:
;__Lib_System.c,21 :: 		
;__Lib_System.c,23 :: 		
_CC2DL_Loop1:
;__Lib_System.c,24 :: 		
0x0378	0x0009      	TBLRD*+
;__Lib_System.c,25 :: 		
0x037A	0xFFE6CFF5  	MOVFF       TABLAT, POSTINC1
;__Lib_System.c,26 :: 		
0x037E	0x0600      	DECF        R0, 1, 0
;__Lib_System.c,27 :: 		
0x0380	0xE1FB      	BNZ         _CC2DL_Loop1
;__Lib_System.c,28 :: 		
0x0382	0x0601      	DECF        R1, 1, 0
;__Lib_System.c,29 :: 		
0x0384	0xE1F9      	BNZ         _CC2DL_Loop1
;__Lib_System.c,31 :: 		
L_end___CC2DW:
0x0386	0x0012      	RETURN      0
; end of ___CC2DW
_int2double:
;__Lib_MathDouble.c,2285 :: 		
;__Lib_MathDouble.c,2294 :: 		
0x0388	0xF008C000  	MOVFF       R0, R8
;__Lib_MathDouble.c,2295 :: 		
0x038C	0x5001      	MOVF        R1, 0, 0
;__Lib_MathDouble.c,2296 :: 		
0x038E	0x6E00      	MOVWF       R0, 0
;__Lib_MathDouble.c,2297 :: 		
0x0390	0x6A01      	CLRF        R1, 0
;__Lib_MathDouble.c,2298 :: 		
0x0392	0x6A02      	CLRF        R2, 0
;__Lib_MathDouble.c,2299 :: 		
0x0394	0x6A03      	CLRF        R3, 0
;__Lib_MathDouble.c,2302 :: 		
0x0396	0x6A0B      	CLRF        R11, 0
;__Lib_MathDouble.c,2303 :: 		
0x0398	0x6A0C      	CLRF        R12, 0
;__Lib_MathDouble.c,2304 :: 		
0x039A	0x6A01      	CLRF        R1, 0
;__Lib_MathDouble.c,2305 :: 		
0x039C	0x6A02      	CLRF        R2, 0
;__Lib_MathDouble.c,2306 :: 		
0x039E	0x6A03      	CLRF        R3, 0
;__Lib_MathDouble.c,2308 :: 		
0x03A0	0x0E96      	MOVLW       150
;__Lib_MathDouble.c,2309 :: 		
0x03A2	0x6E03      	MOVWF       R3, 0
;__Lib_MathDouble.c,2310 :: 		
0x03A4	0x6A0A      	CLRF        R10, 0
;__Lib_MathDouble.c,2311 :: 		
0x03A6	0xAE00      	BTFSS       R0, 7, 0
;__Lib_MathDouble.c,2312 :: 		
0x03A8	0xF001EFDC  	GOTO        FLO1632EEE
;__Lib_MathDouble.c,2314 :: 		
0x03AC	0x1E08      	COMF        R8, 1, 0
;__Lib_MathDouble.c,2315 :: 		
0x03AE	0x1E00      	COMF        R0, 1, 0
;__Lib_MathDouble.c,2317 :: 		
0x03B0	0x2A08      	INCF        R8, 1, 0
;__Lib_MathDouble.c,2318 :: 		
0x03B2	0xB4D8      	BTFSC       STATUS, 2, 0
;__Lib_MathDouble.c,2319 :: 		
0x03B4	0x2A00      	INCF        R0, 1, 0
;__Lib_MathDouble.c,2321 :: 		
0x03B6	0x8E0A      	BSF         R10, 7, 0
;__Lib_MathDouble.c,2322 :: 		
FLO1632EEE:
;__Lib_MathDouble.c,2323 :: 		
0x03B8	0xF001C000  	MOVFF       R0, R1
;__Lib_MathDouble.c,2324 :: 		
0x03BC	0xF000C008  	MOVFF       R8, R0
;__Lib_MathDouble.c,2325 :: 		
0x03C0	0x6A08      	CLRF        R8, 0
;__Lib_MathDouble.c,2326 :: 		
0x03C2	0x6A02      	CLRF        R2, 0
;__Lib_MathDouble.c,2328 :: 		
0x03C4	0xDFA0      	RCALL       _NRM3232
;__Lib_MathDouble.c,2329 :: 		
L_end_int2double:
0x03C6	0x0012      	RETURN      0
; end of _int2double
_UART1_Init:
;__Lib_UART_c67d67.c,20 :: 		
;__Lib_UART_c67d67.c,23 :: 		
0x03C8	0x0E1E      	MOVLW       _UART1_Write
0x03CA	0x6E1B      	MOVWF       _UART_Wr_Ptr 
0x03CC	0x0E04      	MOVLW       hi_addr(_UART1_Write)
0x03CE	0x6E1C      	MOVWF       _UART_Wr_Ptr+1 
0x03D0	0x0E2B      	MOVLW       FARG_UART1_Write_data_
0x03D2	0x6E1D      	MOVWF       _UART_Wr_Ptr+2 
0x03D4	0x0E00      	MOVLW       hi_addr(FARG_UART1_Write_data_)
0x03D6	0x6E1E      	MOVWF       _UART_Wr_Ptr+3 
;__Lib_UART_c67d67.c,24 :: 		
0x03D8	0x0EFF      	MOVLW       _UART1_Read
0x03DA	0x6E27      	MOVWF       _UART_Rd_Ptr 
0x03DC	0x0EFF      	MOVLW       hi_addr(_UART1_Read)
0x03DE	0x6E28      	MOVWF       _UART_Rd_Ptr+1 
0x03E0	0x0E00      	MOVLW       0
0x03E2	0x6E29      	MOVWF       _UART_Rd_Ptr+2 
0x03E4	0x0E00      	MOVLW       0
0x03E6	0x6E2A      	MOVWF       _UART_Rd_Ptr+3 
;__Lib_UART_c67d67.c,25 :: 		
0x03E8	0x0EFF      	MOVLW       _UART1_Data_Ready
0x03EA	0x6E23      	MOVWF       _UART_Rdy_Ptr 
0x03EC	0x0EFF      	MOVLW       hi_addr(_UART1_Data_Ready)
0x03EE	0x6E24      	MOVWF       _UART_Rdy_Ptr+1 
0x03F0	0x0E00      	MOVLW       0
0x03F2	0x6E25      	MOVWF       _UART_Rdy_Ptr+2 
0x03F4	0x0E00      	MOVLW       0
0x03F6	0x6E26      	MOVWF       _UART_Rdy_Ptr+3 
;__Lib_UART_c67d67.c,26 :: 		
0x03F8	0x0EFF      	MOVLW       _UART1_Tx_Idle
0x03FA	0x6E1F      	MOVWF       _UART_Tx_Idle_Ptr 
0x03FC	0x0EFF      	MOVLW       hi_addr(_UART1_Tx_Idle)
0x03FE	0x6E20      	MOVWF       _UART_Tx_Idle_Ptr+1 
0x0400	0x0E00      	MOVLW       0
0x0402	0x6E21      	MOVWF       _UART_Tx_Idle_Ptr+2 
0x0404	0x0E00      	MOVLW       0
0x0406	0x6E22      	MOVWF       _UART_Tx_Idle_Ptr+3 
;__Lib_UART_c67d67.c,28 :: 		
0x0408	0x8AAC      	BSF         TXSTA, 5 
;__Lib_UART_c67d67.c,29 :: 		
0x040A	0x0E90      	MOVLW       144
0x040C	0x6EAB      	MOVWF       RCSTA 
;__Lib_UART_c67d67.c,30 :: 		
0x040E	0x8E94      	BSF         TRISC7_bit, BitPos(TRISC7_bit+0) 
;__Lib_UART_c67d67.c,31 :: 		
0x0410	0x9C94      	BCF         TRISC6_bit, BitPos(TRISC6_bit+0) 
;__Lib_UART_c67d67.c,33 :: 		
L_UART1_Init0:
0x0412	0xAA9E      	BTFSS       PIR1, 5 
0x0414	0xD003      	BRA         L_UART1_Init1
;__Lib_UART_c67d67.c,34 :: 		
0x0416	0xF000CFAE  	MOVFF       RCREG, R0
0x041A	0xD7FB      	BRA         L_UART1_Init0
L_UART1_Init1:
;__Lib_UART_c67d67.c,35 :: 		
L_end_UART1_Init:
0x041C	0x0012      	RETURN      0
; end of _UART1_Init
_UART1_Write:
;__Lib_UART_c67d67.c,63 :: 		
;__Lib_UART_c67d67.c,64 :: 		
L_UART1_Write3:
0x041E	0xB2AC      	BTFSC       TXSTA, 1 
0x0420	0xD002      	BRA         L_UART1_Write4
;__Lib_UART_c67d67.c,65 :: 		
0x0422	0x0000      	NOP
0x0424	0xD7FC      	BRA         L_UART1_Write3
L_UART1_Write4:
;__Lib_UART_c67d67.c,66 :: 		
0x0426	0xFFADC02B  	MOVFF       FARG_UART1_Write_data_, TXREG
;__Lib_UART_c67d67.c,67 :: 		
L_end_UART1_Write:
0x042A	0x0012      	RETURN      0
; end of _UART1_Write
_Div_32x32_FP:
;__Lib_MathDouble.c,1325 :: 		
;__Lib_MathDouble.c,1339 :: 		
0x042C	0x5004      	MOVF        R4, 0 
0x042E	0x0A00      	XORLW       0
0x0430	0xE112      	BNZ         L_Div_32x32_FP11
;__Lib_MathDouble.c,1340 :: 		
0x0432	0x5005      	MOVF        R5, 0 
0x0434	0x0A00      	XORLW       0
0x0436	0xE10F      	BNZ         L_Div_32x32_FP12
;__Lib_MathDouble.c,1341 :: 		
0x0438	0x5006      	MOVF        R6, 0 
0x043A	0x0A00      	XORLW       0
0x043C	0xE10C      	BNZ         L_Div_32x32_FP13
;__Lib_MathDouble.c,1342 :: 		
0x043E	0x5007      	MOVF        R7, 0 
0x0440	0x0A00      	XORLW       0
0x0442	0xE109      	BNZ         L_Div_32x32_FP14
;__Lib_MathDouble.c,1343 :: 		
0x0444	0x0EFF      	MOVLW       255
0x0446	0x6E00      	MOVWF       R0 
;__Lib_MathDouble.c,1344 :: 		
0x0448	0x0EFF      	MOVLW       255
0x044A	0x6E01      	MOVWF       R1 
;__Lib_MathDouble.c,1345 :: 		
0x044C	0x0E7F      	MOVLW       127
0x044E	0x6E02      	MOVWF       R2 
;__Lib_MathDouble.c,1346 :: 		
0x0450	0x0EFF      	MOVLW       255
0x0452	0x6E03      	MOVWF       R3 
;__Lib_MathDouble.c,1347 :: 		
0x0454	0xD0A4      	BRA         L_end_Div_32x32_FP
;__Lib_MathDouble.c,1348 :: 		
L_Div_32x32_FP14:
L_Div_32x32_FP13:
L_Div_32x32_FP12:
L_Div_32x32_FP11:
;__Lib_MathDouble.c,1353 :: 		
0x0456	0x6A08      	CLRF        R8, 0
;__Lib_MathDouble.c,1354 :: 		
0x0458	0x6A09      	CLRF        R9, 0
;__Lib_MathDouble.c,1356 :: 		
0x045A	0x5007      	MOVF        R7, 0, 0
;__Lib_MathDouble.c,1357 :: 		
0x045C	0xB4D8      	BTFSC       STATUS, 2, 0
;__Lib_MathDouble.c,1358 :: 		
0x045E	0xF002EFC1  	GOTO        JPDSETFDZ32
;__Lib_MathDouble.c,1360 :: 		
0x0462	0x5003      	MOVF        R3, 0, 0
;__Lib_MathDouble.c,1361 :: 		
0x0464	0xB4D8      	BTFSC       STATUS, 2, 0
;__Lib_MathDouble.c,1362 :: 		
0x0466	0xF002EFC5  	GOTO        JPDRES032
;__Lib_MathDouble.c,1364 :: 		
0x046A	0x5002      	MOVF        R2, 0, 0
;__Lib_MathDouble.c,1365 :: 		
0x046C	0x1806      	XORWF       R6, 0, 0
;__Lib_MathDouble.c,1366 :: 		
0x046E	0x6E0A      	MOVWF       R10, 0
;__Lib_MathDouble.c,1367 :: 		
0x0470	0x8E02      	BSF         R2, 7, 0
;__Lib_MathDouble.c,1368 :: 		
0x0472	0x8E06      	BSF         R6, 7, 0
;__Lib_MathDouble.c,1370 :: 		
0x0474	0x6A0E      	CLRF        R14, 0
;__Lib_MathDouble.c,1371 :: 		
0x0476	0xF008C002  	MOVFF       R2, R8
;__Lib_MathDouble.c,1372 :: 		
0x047A	0xF00CC001  	MOVFF       R1, R12
;__Lib_MathDouble.c,1373 :: 		
0x047E	0xF00DC000  	MOVFF       R0, R13
;__Lib_MathDouble.c,1375 :: 		
0x0482	0x5004      	MOVF        R4, 0, 0
;__Lib_MathDouble.c,1376 :: 		
0x0484	0x5E0D      	SUBWF       R13, 1, 0
;__Lib_MathDouble.c,1377 :: 		
0x0486	0x5005      	MOVF        R5, 0, 0
;__Lib_MathDouble.c,1378 :: 		
0x0488	0xA0D8      	BTFSS       STATUS, 0, 0
;__Lib_MathDouble.c,1379 :: 		
0x048A	0x3C05      	INCFSZ      R5, 0, 0
;__Lib_MathDouble.c,1381 :: 		
0x048C	0x5E0C      	SUBWF       R12, 1, 0
;__Lib_MathDouble.c,1382 :: 		
0x048E	0x5006      	MOVF        R6, 0, 0
;__Lib_MathDouble.c,1383 :: 		
0x0490	0xA0D8      	BTFSS       STATUS, 0, 0
;__Lib_MathDouble.c,1384 :: 		
0x0492	0x3C06      	INCFSZ      R6, 0, 0
;__Lib_MathDouble.c,1386 :: 		
0x0494	0x5E08      	SUBWF       R8, 1, 0
;__Lib_MathDouble.c,1387 :: 		
0x0496	0x6A08      	CLRF        R8, 0
;__Lib_MathDouble.c,1388 :: 		
0x0498	0x6A0C      	CLRF        R12, 0
;__Lib_MathDouble.c,1389 :: 		
0x049A	0x6A0D      	CLRF        R13, 0
;__Lib_MathDouble.c,1390 :: 		
0x049C	0xA0D8      	BTFSS       STATUS, 0, 0
;__Lib_MathDouble.c,1391 :: 		
0x049E	0xF002EF58  	GOTO        DALIGN32OK
;__Lib_MathDouble.c,1393 :: 		
0x04A2	0x90D8      	BCF         STATUS, 0, 0
;__Lib_MathDouble.c,1394 :: 		
0x04A4	0x3202      	RRCF        R2, 1, 0
;__Lib_MathDouble.c,1395 :: 		
0x04A6	0x3201      	RRCF        R1, 1, 0
;__Lib_MathDouble.c,1396 :: 		
0x04A8	0x3200      	RRCF        R0, 1, 0
;__Lib_MathDouble.c,1397 :: 		
0x04AA	0x3208      	RRCF        R8, 1, 0
;__Lib_MathDouble.c,1398 :: 		
0x04AC	0x0E01      	MOVLW       1
;__Lib_MathDouble.c,1399 :: 		
0x04AE	0x6E0E      	MOVWF       R14, 0
;__Lib_MathDouble.c,1400 :: 		
DALIGN32OK:
;__Lib_MathDouble.c,1401 :: 		
0x04B0	0x5007      	MOVF        R7, 0, 0
;__Lib_MathDouble.c,1402 :: 		
0x04B2	0x5E03      	SUBWF       R3, 1, 0
;__Lib_MathDouble.c,1403 :: 		
0x04B4	0xA0D8      	BTFSS       STATUS, 0, 0
;__Lib_MathDouble.c,1404 :: 		
0x04B6	0xF002EF65  	GOTO        ALTB32
;__Lib_MathDouble.c,1406 :: 		
0x04BA	0x0E7E      	MOVLW       126
;__Lib_MathDouble.c,1407 :: 		
0x04BC	0x240E      	ADDWF       R14, 0, 0
;__Lib_MathDouble.c,1408 :: 		
0x04BE	0x2603      	ADDWF       R3, 1, 0
;__Lib_MathDouble.c,1409 :: 		
0x04C0	0xB0D8      	BTFSC       STATUS, 0, 0
;__Lib_MathDouble.c,1410 :: 		
0x04C2	0xF002EFC9  	GOTO        JPDSETFOV32
;__Lib_MathDouble.c,1411 :: 		
0x04C6	0xF002EF6B  	GOTO        DARGOK32
;__Lib_MathDouble.c,1412 :: 		
ALTB32:
;__Lib_MathDouble.c,1413 :: 		
0x04CA	0x0E7E      	MOVLW       126
;__Lib_MathDouble.c,1414 :: 		
0x04CC	0x240E      	ADDWF       R14, 0, 0
;__Lib_MathDouble.c,1415 :: 		
0x04CE	0x2603      	ADDWF       R3, 1, 0
;__Lib_MathDouble.c,1416 :: 		
0x04D0	0xA0D8      	BTFSS       STATUS, 0, 0
;__Lib_MathDouble.c,1417 :: 		
0x04D2	0xF002EFCD  	GOTO        JPDSETFUN32
;__Lib_MathDouble.c,1418 :: 		
DARGOK32:
;__Lib_MathDouble.c,1419 :: 		
0x04D6	0x0E18      	MOVLW       24
;__Lib_MathDouble.c,1420 :: 		
0x04D8	0x6E0B      	MOVWF       R11, 0
;__Lib_MathDouble.c,1421 :: 		
DLOOP32:
;__Lib_MathDouble.c,1422 :: 		
0x04DA	0x360D      	RLCF        R13, 1, 0
;__Lib_MathDouble.c,1423 :: 		
0x04DC	0x360C      	RLCF        R12, 1, 0
;__Lib_MathDouble.c,1424 :: 		
0x04DE	0x3608      	RLCF        R8, 1, 0
;__Lib_MathDouble.c,1425 :: 		
0x04E0	0x3600      	RLCF        R0, 1, 0
;__Lib_MathDouble.c,1426 :: 		
0x04E2	0x3601      	RLCF        R1, 1, 0
;__Lib_MathDouble.c,1427 :: 		
0x04E4	0x3602      	RLCF        R2, 1, 0
;__Lib_MathDouble.c,1428 :: 		
0x04E6	0x360E      	RLCF        R14, 1, 0
;__Lib_MathDouble.c,1430 :: 		
0x04E8	0x5004      	MOVF        R4, 0, 0
;__Lib_MathDouble.c,1431 :: 		
0x04EA	0x5E00      	SUBWF       R0, 1, 0
;__Lib_MathDouble.c,1432 :: 		
0x04EC	0x5005      	MOVF        R5, 0, 0
;__Lib_MathDouble.c,1433 :: 		
0x04EE	0xA0D8      	BTFSS       STATUS, 0, 0
;__Lib_MathDouble.c,1434 :: 		
0x04F0	0x3C05      	INCFSZ      R5, 0, 0
;__Lib_MathDouble.c,1436 :: 		
0x04F2	0x5E01      	SUBWF       R1, 1, 0
;__Lib_MathDouble.c,1437 :: 		
0x04F4	0x5006      	MOVF        R6, 0, 0
;__Lib_MathDouble.c,1438 :: 		
0x04F6	0xA0D8      	BTFSS       STATUS, 0, 0
;__Lib_MathDouble.c,1439 :: 		
0x04F8	0x3C06      	INCFSZ      R6, 0, 0
;__Lib_MathDouble.c,1441 :: 		
0x04FA	0x5E02      	SUBWF       R2, 1, 0
;__Lib_MathDouble.c,1442 :: 		
0x04FC	0x3406      	RLCF        R6, 0, 0
;__Lib_MathDouble.c,1443 :: 		
0x04FE	0x120E      	IORWF       R14, 1, 0
;__Lib_MathDouble.c,1444 :: 		
0x0500	0xA00E      	BTFSS       R14, 0, 0
;__Lib_MathDouble.c,1445 :: 		
0x0502	0xF002EF86  	GOTO        DREST32
;__Lib_MathDouble.c,1446 :: 		
0x0506	0x800D      	BSF         R13, 0, 0
;__Lib_MathDouble.c,1447 :: 		
0x0508	0xF002EF91  	GOTO        DOK32
;__Lib_MathDouble.c,1448 :: 		
DREST32:
;__Lib_MathDouble.c,1449 :: 		
0x050C	0x5004      	MOVF        R4, 0, 0
;__Lib_MathDouble.c,1450 :: 		
0x050E	0x2600      	ADDWF       R0, 1, 0
;__Lib_MathDouble.c,1451 :: 		
0x0510	0x5005      	MOVF        R5, 0, 0
;__Lib_MathDouble.c,1452 :: 		
0x0512	0xB0D8      	BTFSC       STATUS, 0, 0
;__Lib_MathDouble.c,1453 :: 		
0x0514	0x3C05      	INCFSZ      R5, 0, 0
;__Lib_MathDouble.c,1455 :: 		
0x0516	0x2601      	ADDWF       R1, 1, 0
;__Lib_MathDouble.c,1456 :: 		
0x0518	0x5006      	MOVF        R6, 0, 0
;__Lib_MathDouble.c,1457 :: 		
0x051A	0xB0D8      	BTFSC       STATUS, 0, 0
;__Lib_MathDouble.c,1458 :: 		
0x051C	0x2806      	INCF        R6, 0, 0
;__Lib_MathDouble.c,1459 :: 		
0x051E	0x2602      	ADDWF       R2, 1, 0
;__Lib_MathDouble.c,1460 :: 		
0x0520	0x900D      	BCF         R13, 0, 0
;__Lib_MathDouble.c,1461 :: 		
DOK32:
;__Lib_MathDouble.c,1462 :: 		
0x0522	0x2E0B      	DECFSZ      R11, 1, 0
;__Lib_MathDouble.c,1463 :: 		
0x0524	0xF002EF6D  	GOTO        DLOOP32
;__Lib_MathDouble.c,1467 :: 		
0x0528	0xF002EFB7  	GOTO        DIV32OK
;__Lib_MathDouble.c,1468 :: 		
0x052C	0x90D8      	BCF         STATUS, 0, 0
;__Lib_MathDouble.c,1469 :: 		
0x052E	0x3600      	RLCF        R0, 1, 0
;__Lib_MathDouble.c,1470 :: 		
0x0530	0x3601      	RLCF        R1, 1, 0
;__Lib_MathDouble.c,1471 :: 		
0x0532	0x3602      	RLCF        R2, 1, 0
;__Lib_MathDouble.c,1472 :: 		
0x0534	0x360E      	RLCF        R14, 1, 0
;__Lib_MathDouble.c,1474 :: 		
0x0536	0x5004      	MOVF        R4, 0, 0
;__Lib_MathDouble.c,1475 :: 		
0x0538	0x5E00      	SUBWF       R0, 1, 0
;__Lib_MathDouble.c,1476 :: 		
0x053A	0x5005      	MOVF        R5, 0, 0
;__Lib_MathDouble.c,1477 :: 		
0x053C	0xA0D8      	BTFSS       STATUS, 0, 0
;__Lib_MathDouble.c,1478 :: 		
0x053E	0x3C05      	INCFSZ      R5, 0, 0
;__Lib_MathDouble.c,1479 :: 		
0x0540	0x5E01      	SUBWF       R1, 1, 0
;__Lib_MathDouble.c,1480 :: 		
0x0542	0x5006      	MOVF        R6, 0, 0
;__Lib_MathDouble.c,1481 :: 		
0x0544	0xA0D8      	BTFSS       STATUS, 0, 0
;__Lib_MathDouble.c,1482 :: 		
0x0546	0x3C06      	INCFSZ      R6, 0, 0
;__Lib_MathDouble.c,1483 :: 		
0x0548	0x5E02      	SUBWF       R2, 1, 0
;__Lib_MathDouble.c,1484 :: 		
0x054A	0x3406      	RLCF        R6, 0, 0
;__Lib_MathDouble.c,1485 :: 		
0x054C	0x100E      	IORWF       R14, 0, 0
;__Lib_MathDouble.c,1486 :: 		
0x054E	0x0B01      	ANDLW       1
;__Lib_MathDouble.c,1487 :: 		
0x0550	0x260D      	ADDWF       R13, 1, 0
;__Lib_MathDouble.c,1488 :: 		
0x0552	0xB0D8      	BTFSC       STATUS, 0, 0
;__Lib_MathDouble.c,1489 :: 		
0x0554	0x2A0C      	INCF        R12, 1, 0
;__Lib_MathDouble.c,1490 :: 		
0x0556	0xB4D8      	BTFSC       STATUS, 2, 0
;__Lib_MathDouble.c,1491 :: 		
0x0558	0x2A08      	INCF        R8, 1, 0
;__Lib_MathDouble.c,1492 :: 		
0x055A	0xA4D8      	BTFSS       STATUS, 2, 0
;__Lib_MathDouble.c,1493 :: 		
0x055C	0xF002EFB7  	GOTO        DIV32OK
;__Lib_MathDouble.c,1494 :: 		
0x0560	0x3208      	RRCF        R8, 1, 0
;__Lib_MathDouble.c,1495 :: 		
0x0562	0x320C      	RRCF        R12, 1, 0
;__Lib_MathDouble.c,1496 :: 		
0x0564	0x320D      	RRCF        R13, 1, 0
;__Lib_MathDouble.c,1497 :: 		
0x0566	0x2A03      	INCF        R3, 1, 0
;__Lib_MathDouble.c,1498 :: 		
0x0568	0xB4D8      	BTFSC       STATUS, 2, 0
;__Lib_MathDouble.c,1499 :: 		
0x056A	0xF002EFC9  	GOTO        JPDSETFOV32
;__Lib_MathDouble.c,1500 :: 		
DIV32OK:
;__Lib_MathDouble.c,1501 :: 		
0x056E	0xAE0A      	BTFSS       R10, 7, 0
;__Lib_MathDouble.c,1502 :: 		
0x0570	0x9E08      	BCF         R8, 7, 0
;__Lib_MathDouble.c,1503 :: 		
0x0572	0x5008      	MOVF        R8, 0, 0
;__Lib_MathDouble.c,1504 :: 		
0x0574	0x6E02      	MOVWF       R2, 0
;__Lib_MathDouble.c,1505 :: 		
0x0576	0x500C      	MOVF        R12, 0, 0
;__Lib_MathDouble.c,1506 :: 		
0x0578	0x6E01      	MOVWF       R1, 0
;__Lib_MathDouble.c,1507 :: 		
0x057A	0x500D      	MOVF        R13, 0, 0
;__Lib_MathDouble.c,1508 :: 		
0x057C	0x6E00      	MOVWF       R0, 0
;__Lib_MathDouble.c,1511 :: 		
0x057E	0xF002EFCF  	GOTO        DIV32EEE
;__Lib_MathDouble.c,1512 :: 		
JPDSETFDZ32:
;__Lib_MathDouble.c,1513 :: 		
0x0582	0x0E01      	MOVLW       1
;__Lib_MathDouble.c,1516 :: 		
0x0584	0xDEBC      	RCALL       _SETFDZ32
;__Lib_MathDouble.c,1518 :: 		
0x0586	0xF002EFCF  	GOTO        DIV32EEE
;__Lib_MathDouble.c,1519 :: 		
JPDRES032:
;__Lib_MathDouble.c,1520 :: 		
0x058A	0x0E02      	MOVLW       2
;__Lib_MathDouble.c,1523 :: 		
0x058C	0xDD84      	RCALL       _RES032
;__Lib_MathDouble.c,1525 :: 		
0x058E	0xF002EFCF  	GOTO        DIV32EEE
;__Lib_MathDouble.c,1526 :: 		
JPDSETFOV32:
;__Lib_MathDouble.c,1527 :: 		
0x0592	0x0E04      	MOVLW       4
;__Lib_MathDouble.c,1530 :: 		
0x0594	0xDD95      	RCALL       _SETFOV32
;__Lib_MathDouble.c,1532 :: 		
0x0596	0xF002EFCF  	GOTO        DIV32EEE
;__Lib_MathDouble.c,1533 :: 		
JPDSETFUN32:
;__Lib_MathDouble.c,1534 :: 		
0x059A	0x0E08      	MOVLW       8
;__Lib_MathDouble.c,1537 :: 		
0x059C	0xDD6F      	RCALL       _SETFUN32
;__Lib_MathDouble.c,1539 :: 		
DIV32EEE:
;__Lib_MathDouble.c,1547 :: 		
L_end_Div_32x32_FP:
0x059E	0x0012      	RETURN      0
; end of _Div_32x32_FP
_afficheNombre:
;MyProject.c,43 :: 		void afficheNombre(int var){
;MyProject.c,45 :: 		chiffre3 = var/1000;
0x05A0	0x0EE8      	MOVLW       232
0x05A2	0x6E04      	MOVWF       R4 
0x05A4	0x0E03      	MOVLW       3
0x05A6	0x6E05      	MOVWF       R5 
0x05A8	0xF000C02B  	MOVFF       FARG_afficheNombre_var, R0
0x05AC	0xF001C02C  	MOVFF       FARG_afficheNombre_var+1, R1
0x05B0	0xDD93      	RCALL       _Div_16x16_S
0x05B2	0xF02FC000  	MOVFF       R0, afficheNombre_chiffre3_L0
;MyProject.c,47 :: 		var -= chiffre3*1000;
0x05B6	0x0E00      	MOVLW       0
0x05B8	0x6E01      	MOVWF       R1 
0x05BA	0x0EE8      	MOVLW       232
0x05BC	0x6E04      	MOVWF       R4 
0x05BE	0x0E03      	MOVLW       3
0x05C0	0x6E05      	MOVWF       R5 
0x05C2	0xDDED      	RCALL       _Mul_16X16_U
0x05C4	0x5000      	MOVF        R0, 0 
0x05C6	0x5C2B      	SUBWF       FARG_afficheNombre_var, 0 
0x05C8	0x6E30      	MOVWF       FLOC__afficheNombre 
0x05CA	0x5001      	MOVF        R1, 0 
0x05CC	0x582C      	SUBWFB      FARG_afficheNombre_var+1, 0 
0x05CE	0x6E31      	MOVWF       FLOC__afficheNombre+1 
0x05D0	0xF02BC030  	MOVFF       FLOC__afficheNombre, FARG_afficheNombre_var
0x05D4	0xF02CC031  	MOVFF       FLOC__afficheNombre+1, FARG_afficheNombre_var+1
;MyProject.c,48 :: 		chiffre2 = var/100;
0x05D8	0x0E64      	MOVLW       100
0x05DA	0x6E04      	MOVWF       R4 
0x05DC	0x0E00      	MOVLW       0
0x05DE	0x6E05      	MOVWF       R5 
0x05E0	0xF000C030  	MOVFF       FLOC__afficheNombre, R0
0x05E4	0xF001C031  	MOVFF       FLOC__afficheNombre+1, R1
0x05E8	0xDD77      	RCALL       _Div_16x16_S
0x05EA	0xF02EC000  	MOVFF       R0, afficheNombre_chiffre2_L0
;MyProject.c,50 :: 		var -= chiffre2*100;
0x05EE	0x0E64      	MOVLW       100
0x05F0	0x0200      	MULWF       R0 
0x05F2	0xF000CFF3  	MOVFF       PRODL, R0
0x05F6	0xF001CFF4  	MOVFF       PRODH, R1
0x05FA	0x5000      	MOVF        R0, 0 
0x05FC	0x5E30      	SUBWF       FLOC__afficheNombre, 1 
0x05FE	0x5001      	MOVF        R1, 0 
0x0600	0x5A31      	SUBWFB      FLOC__afficheNombre+1, 1 
0x0602	0xF02BC030  	MOVFF       FLOC__afficheNombre, FARG_afficheNombre_var
0x0606	0xF02CC031  	MOVFF       FLOC__afficheNombre+1, FARG_afficheNombre_var+1
;MyProject.c,51 :: 		chiffre1 = var/10;
0x060A	0x0E0A      	MOVLW       10
0x060C	0x6E04      	MOVWF       R4 
0x060E	0x0E00      	MOVLW       0
0x0610	0x6E05      	MOVWF       R5 
0x0612	0xF000C030  	MOVFF       FLOC__afficheNombre, R0
0x0616	0xF001C031  	MOVFF       FLOC__afficheNombre+1, R1
0x061A	0xDD5E      	RCALL       _Div_16x16_S
0x061C	0xF02DC000  	MOVFF       R0, afficheNombre_chiffre1_L0
;MyProject.c,53 :: 		var -= chiffre1*10;
0x0620	0x0E0A      	MOVLW       10
0x0622	0x0200      	MULWF       R0 
0x0624	0xF000CFF3  	MOVFF       PRODL, R0
0x0628	0xF001CFF4  	MOVFF       PRODH, R1
0x062C	0x5000      	MOVF        R0, 0 
0x062E	0x5C30      	SUBWF       FLOC__afficheNombre, 0 
0x0630	0x6E00      	MOVWF       R0 
0x0632	0x5001      	MOVF        R1, 0 
0x0634	0x5831      	SUBWFB      FLOC__afficheNombre+1, 0 
0x0636	0x6E01      	MOVWF       R1 
0x0638	0xF02BC000  	MOVFF       R0, FARG_afficheNombre_var
0x063C	0xF02CC001  	MOVFF       R1, FARG_afficheNombre_var+1
;MyProject.c,56 :: 		afficheChiffre(chiffre0,0);
0x0640	0xF032C000  	MOVFF       R0, FARG_afficheChiffre_chiffre
0x0644	0x6A33      	CLRF        FARG_afficheChiffre_position 
0x0646	0x6A34      	CLRF        FARG_afficheChiffre_position+1 
0x0648	0xDDD2      	RCALL       _afficheChiffre
;MyProject.c,57 :: 		Delay_ms(1);
0x064A	0x0E03      	MOVLW       3
0x064C	0x6E0C      	MOVWF       R12, 0
0x064E	0x0E97      	MOVLW       151
0x0650	0x6E0D      	MOVWF       R13, 0
L_afficheNombre13:
0x0652	0x2E0D      	DECFSZ      R13, 1, 0
0x0654	0xD7FE      	BRA         L_afficheNombre13
0x0656	0x2E0C      	DECFSZ      R12, 1, 0
0x0658	0xD7FC      	BRA         L_afficheNombre13
0x065A	0x0000      	NOP
0x065C	0x0000      	NOP
;MyProject.c,58 :: 		afficheChiffre(chiffre1,1);
0x065E	0xF032C02D  	MOVFF       afficheNombre_chiffre1_L0, FARG_afficheChiffre_chiffre
0x0662	0x0E01      	MOVLW       1
0x0664	0x6E33      	MOVWF       FARG_afficheChiffre_position 
0x0666	0x0E00      	MOVLW       0
0x0668	0x6E34      	MOVWF       FARG_afficheChiffre_position+1 
0x066A	0xDDC1      	RCALL       _afficheChiffre
;MyProject.c,59 :: 		Delay_ms(1);
0x066C	0x0E03      	MOVLW       3
0x066E	0x6E0C      	MOVWF       R12, 0
0x0670	0x0E97      	MOVLW       151
0x0672	0x6E0D      	MOVWF       R13, 0
L_afficheNombre14:
0x0674	0x2E0D      	DECFSZ      R13, 1, 0
0x0676	0xD7FE      	BRA         L_afficheNombre14
0x0678	0x2E0C      	DECFSZ      R12, 1, 0
0x067A	0xD7FC      	BRA         L_afficheNombre14
0x067C	0x0000      	NOP
0x067E	0x0000      	NOP
;MyProject.c,60 :: 		afficheChiffre(chiffre2,2);
0x0680	0xF032C02E  	MOVFF       afficheNombre_chiffre2_L0, FARG_afficheChiffre_chiffre
0x0684	0x0E02      	MOVLW       2
0x0686	0x6E33      	MOVWF       FARG_afficheChiffre_position 
0x0688	0x0E00      	MOVLW       0
0x068A	0x6E34      	MOVWF       FARG_afficheChiffre_position+1 
0x068C	0xDDB0      	RCALL       _afficheChiffre
;MyProject.c,61 :: 		Delay_ms(1);
0x068E	0x0E03      	MOVLW       3
0x0690	0x6E0C      	MOVWF       R12, 0
0x0692	0x0E97      	MOVLW       151
0x0694	0x6E0D      	MOVWF       R13, 0
L_afficheNombre15:
0x0696	0x2E0D      	DECFSZ      R13, 1, 0
0x0698	0xD7FE      	BRA         L_afficheNombre15
0x069A	0x2E0C      	DECFSZ      R12, 1, 0
0x069C	0xD7FC      	BRA         L_afficheNombre15
0x069E	0x0000      	NOP
0x06A0	0x0000      	NOP
;MyProject.c,62 :: 		afficheChiffre(chiffre3,3);
0x06A2	0xF032C02F  	MOVFF       afficheNombre_chiffre3_L0, FARG_afficheChiffre_chiffre
0x06A6	0x0E03      	MOVLW       3
0x06A8	0x6E33      	MOVWF       FARG_afficheChiffre_position 
0x06AA	0x0E00      	MOVLW       0
0x06AC	0x6E34      	MOVWF       FARG_afficheChiffre_position+1 
0x06AE	0xDD9F      	RCALL       _afficheChiffre
;MyProject.c,63 :: 		Delay_ms(1);
0x06B0	0x0E03      	MOVLW       3
0x06B2	0x6E0C      	MOVWF       R12, 0
0x06B4	0x0E97      	MOVLW       151
0x06B6	0x6E0D      	MOVWF       R13, 0
L_afficheNombre16:
0x06B8	0x2E0D      	DECFSZ      R13, 1, 0
0x06BA	0xD7FE      	BRA         L_afficheNombre16
0x06BC	0x2E0C      	DECFSZ      R12, 1, 0
0x06BE	0xD7FC      	BRA         L_afficheNombre16
0x06C0	0x0000      	NOP
0x06C2	0x0000      	NOP
;MyProject.c,64 :: 		}
L_end_afficheNombre:
0x06C4	0x0012      	RETURN      0
; end of _afficheNombre
_double2int:
;__Lib_MathDouble.c,1897 :: 		
;__Lib_MathDouble.c,1906 :: 		
0x06C6	0x6A0B      	CLRF        R11, 0
;__Lib_MathDouble.c,1907 :: 		
0x06C8	0x5003      	MOVF        R3, 0, 0
;__Lib_MathDouble.c,1908 :: 		
0x06CA	0xB4D8      	BTFSC       STATUS, 2, 0
;__Lib_MathDouble.c,1909 :: 		
0x06CC	0xF003EFA9  	GOTO        IRES016
;__Lib_MathDouble.c,1910 :: 		
0x06D0	0x5002      	MOVF        R2, 0, 0
;__Lib_MathDouble.c,1911 :: 		
0x06D2	0x6E0A      	MOVWF       R10, 0
;__Lib_MathDouble.c,1912 :: 		
0x06D4	0x8E02      	BSF         R2, 7, 0
;__Lib_MathDouble.c,1914 :: 		
0x06D6	0x0E8E      	MOVLW       142
;__Lib_MathDouble.c,1915 :: 		
0x06D8	0x5E03      	SUBWF       R3, 1, 0
;__Lib_MathDouble.c,1916 :: 		
0x06DA	0xAE03      	BTFSS       R3, 7, 0
;__Lib_MathDouble.c,1917 :: 		
0x06DC	0xF003EFAD  	GOTO        SETIOV16
;__Lib_MathDouble.c,1918 :: 		
0x06E0	0x6C03      	NEGF        R3, 0
;__Lib_MathDouble.c,1920 :: 		
0x06E2	0x0E08      	MOVLW       8
;__Lib_MathDouble.c,1921 :: 		
0x06E4	0x5C03      	SUBWF       R3, 0, 0
;__Lib_MathDouble.c,1922 :: 		
0x06E6	0xA0D8      	BTFSS       STATUS, 0, 0
;__Lib_MathDouble.c,1923 :: 		
0x06E8	0xF003EF88  	GOTO        TSHIFT3216
;__Lib_MathDouble.c,1924 :: 		
0x06EC	0x6E03      	MOVWF       R3, 0
;__Lib_MathDouble.c,1925 :: 		
0x06EE	0x3601      	RLCF        R1, 1, 0
;__Lib_MathDouble.c,1926 :: 		
0x06F0	0xF001C002  	MOVFF       R2, R1
;__Lib_MathDouble.c,1927 :: 		
0x06F4	0x6A02      	CLRF        R2, 0
;__Lib_MathDouble.c,1929 :: 		
0x06F6	0x0E08      	MOVLW       8
;__Lib_MathDouble.c,1930 :: 		
0x06F8	0x5C03      	SUBWF       R3, 0, 0
;__Lib_MathDouble.c,1931 :: 		
0x06FA	0xA0D8      	BTFSS       STATUS, 0, 0
;__Lib_MathDouble.c,1932 :: 		
0x06FC	0xF003EF88  	GOTO        TSHIFT3216
;__Lib_MathDouble.c,1933 :: 		
0x0700	0x6E03      	MOVWF       R3, 0
;__Lib_MathDouble.c,1934 :: 		
0x0702	0x3601      	RLCF        R1, 1, 0
;__Lib_MathDouble.c,1935 :: 		
0x0704	0x6A01      	CLRF        R1, 0
;__Lib_MathDouble.c,1937 :: 		
0x0706	0x5003      	MOVF        R3, 0, 0
;__Lib_MathDouble.c,1938 :: 		
0x0708	0xA4D8      	BTFSS       STATUS, 2, 0
;__Lib_MathDouble.c,1939 :: 		
0x070A	0x90D8      	BCF         STATUS, 0, 0
;__Lib_MathDouble.c,1940 :: 		
0x070C	0xF003EF92  	GOTO        SHIFT3216OK
;__Lib_MathDouble.c,1941 :: 		
TSHIFT3216:
;__Lib_MathDouble.c,1942 :: 		
0x0710	0x5003      	MOVF        R3, 0, 0
;__Lib_MathDouble.c,1943 :: 		
0x0712	0xB4D8      	BTFSC       STATUS, 2, 0
;__Lib_MathDouble.c,1944 :: 		
0x0714	0xF003EF92  	GOTO        SHIFT3216OK
;__Lib_MathDouble.c,1945 :: 		
SHIFT3216:
;__Lib_MathDouble.c,1946 :: 		
0x0718	0x90D8      	BCF         STATUS, 0, 0
;__Lib_MathDouble.c,1947 :: 		
0x071A	0x3202      	RRCF        R2, 1, 0
;__Lib_MathDouble.c,1948 :: 		
0x071C	0x3201      	RRCF        R1, 1, 0
;__Lib_MathDouble.c,1949 :: 		
0x071E	0x2E03      	DECFSZ      R3, 1, 0
;__Lib_MathDouble.c,1950 :: 		
0x0720	0xF003EF8C  	GOTO        SHIFT3216
;__Lib_MathDouble.c,1951 :: 		
SHIFT3216OK:
;__Lib_MathDouble.c,1952 :: 		
0x0724	0xBC0B      	BTFSC       R11, 6, 0
;__Lib_MathDouble.c,1953 :: 		
0x0726	0xA001      	BTFSS       R1, 0, 0
;__Lib_MathDouble.c,1954 :: 		
0x0728	0xF003EF9F  	GOTO        INT3216OK
;__Lib_MathDouble.c,1955 :: 		
0x072C	0xA0D8      	BTFSS       STATUS, 0, 0
;__Lib_MathDouble.c,1956 :: 		
0x072E	0xF003EF9F  	GOTO        INT3216OK
;__Lib_MathDouble.c,1957 :: 		
0x0732	0x2A01      	INCF        R1, 1, 0
;__Lib_MathDouble.c,1958 :: 		
0x0734	0xB4D8      	BTFSC       STATUS, 2, 0
;__Lib_MathDouble.c,1959 :: 		
0x0736	0x2A02      	INCF        R2, 1, 0
;__Lib_MathDouble.c,1960 :: 		
0x0738	0xBE02      	BTFSC       R2, 7, 0
;__Lib_MathDouble.c,1961 :: 		
0x073A	0xF003EFBC  	GOTO        JPJSETIOV3224
;__Lib_MathDouble.c,1962 :: 		
INT3216OK:
;__Lib_MathDouble.c,1963 :: 		
0x073E	0xAE0A      	BTFSS       R10, 7, 0
;__Lib_MathDouble.c,1964 :: 		
0x0740	0xF003EFC1  	GOTO        INT3216EOK
;__Lib_MathDouble.c,1966 :: 		
0x0744	0x1E02      	COMF        R2, 1, 0
;__Lib_MathDouble.c,1967 :: 		
0x0746	0x1E01      	COMF        R1, 1, 0
;__Lib_MathDouble.c,1968 :: 		
0x0748	0x2A01      	INCF        R1, 1, 0
;__Lib_MathDouble.c,1969 :: 		
0x074A	0xB4D8      	BTFSC       STATUS, 2, 0
;__Lib_MathDouble.c,1970 :: 		
0x074C	0x2A02      	INCF        R2, 1, 0
;__Lib_MathDouble.c,1971 :: 		
0x074E	0xF003EFC1  	GOTO        INT3216EOK
;__Lib_MathDouble.c,1973 :: 		
IRES016:
;__Lib_MathDouble.c,1974 :: 		
0x0752	0x6A02      	CLRF        R2, 0
;__Lib_MathDouble.c,1975 :: 		
0x0754	0x6A01      	CLRF        R1, 0
;__Lib_MathDouble.c,1976 :: 		
0x0756	0xF003EFC1  	GOTO        INT3216EOK
;__Lib_MathDouble.c,1977 :: 		
SETIOV16:
;__Lib_MathDouble.c,1978 :: 		
0x075A	0x800B      	BSF         R11, 0, 0
;__Lib_MathDouble.c,1979 :: 		
0x075C	0xAE0B      	BTFSS       R11, 7, 0
;__Lib_MathDouble.c,1980 :: 		
0x075E	0xF003EFC5  	GOTO        INT3216EER
;__Lib_MathDouble.c,1982 :: 		
0x0762	0x6A02      	CLRF        R2, 0
;__Lib_MathDouble.c,1983 :: 		
0x0764	0xAE0A      	BTFSS       R10, 7, 0
;__Lib_MathDouble.c,1984 :: 		
0x0766	0xF003EFC5  	GOTO        INT3216EER
;__Lib_MathDouble.c,1985 :: 		
0x076A	0x0EFF      	MOVLW       255
;__Lib_MathDouble.c,1986 :: 		
0x076C	0x6E02      	MOVWF       R2, 0
;__Lib_MathDouble.c,1987 :: 		
0x076E	0x6E01      	MOVWF       R1, 0
;__Lib_MathDouble.c,1988 :: 		
0x0770	0x360A      	RLCF        R10, 1, 0
;__Lib_MathDouble.c,1989 :: 		
0x0772	0x3202      	RRCF        R2, 1, 0
;__Lib_MathDouble.c,1990 :: 		
0x0774	0xF003EFC5  	GOTO        INT3216EER
;__Lib_MathDouble.c,1992 :: 		
JPJSETIOV3224:
;__Lib_MathDouble.c,1993 :: 		
0x0778	0x0E01      	MOVLW       1
;__Lib_MathDouble.c,1994 :: 		
0x077A	0x6E0C      	MOVWF       R12, 0
;__Lib_MathDouble.c,1996 :: 		
0x077C	0xDC93      	RCALL       _SETIOV3224
;__Lib_MathDouble.c,1998 :: 		
0x077E	0xF003EFC7  	GOTO        INT3216EEE
;__Lib_MathDouble.c,1999 :: 		
INT3216EOK:
;__Lib_MathDouble.c,2000 :: 		
0x0782	0x0E00      	MOVLW       0
;__Lib_MathDouble.c,2001 :: 		
0x0784	0x6E0C      	MOVWF       R12, 0
;__Lib_MathDouble.c,2002 :: 		
0x0786	0xF003EFC7  	GOTO        INT3216EEE
;__Lib_MathDouble.c,2003 :: 		
INT3216EER:
;__Lib_MathDouble.c,2004 :: 		
0x078A	0x0EFF      	MOVLW       255
;__Lib_MathDouble.c,2005 :: 		
0x078C	0x6E0C      	MOVWF       R12, 0
;__Lib_MathDouble.c,2006 :: 		
INT3216EEE:
;__Lib_MathDouble.c,2007 :: 		
0x078E	0x5001      	MOVF        R1, 0, 0
;__Lib_MathDouble.c,2008 :: 		
0x0790	0x6E00      	MOVWF       R0, 0
;__Lib_MathDouble.c,2009 :: 		
0x0792	0x5002      	MOVF        R2, 0, 0
;__Lib_MathDouble.c,2010 :: 		
0x0794	0x6E01      	MOVWF       R1, 0
;__Lib_MathDouble.c,2015 :: 		
L_end_double2int:
0x0796	0x0012      	RETURN      0
; end of _double2int
_main:
;MyProject.c,69 :: 		void main(void) {
;MyProject.c,70 :: 		compte = 0;
0x0798	0x6A19      	CLRF        _compte 
0x079A	0x6A1A      	CLRF        _compte+1 
;MyProject.c,71 :: 		nombreaffiche = 0;
0x079C	0x6A17      	CLRF        _nombreaffiche 
0x079E	0x6A18      	CLRF        _nombreaffiche+1 
;MyProject.c,72 :: 		etape = 0;              // initialisation de l'tape impilsion et calcul
0x07A0	0x6A15      	CLRF        _etape 
0x07A2	0x6A16      	CLRF        _etape+1 
;MyProject.c,74 :: 		TRISA  = 0x00;          //
0x07A4	0x6A92      	CLRF        TRISA 
;MyProject.c,75 :: 		TRISB  = 0x01;          //   Entre Microcontrleur   echo RB0 trigger RB1
0x07A6	0x0E01      	MOVLW       1
0x07A8	0x6E93      	MOVWF       TRISB 
;MyProject.c,76 :: 		TRISC  = 0x00;          //
0x07AA	0x6A94      	CLRF        TRISC 
;MyProject.c,77 :: 		TRISD  = 0x00;
0x07AC	0x6A95      	CLRF        TRISD 
;MyProject.c,79 :: 		LATA = 0x00;            // attribution des valeurs
0x07AE	0x6A89      	CLRF        LATA 
;MyProject.c,80 :: 		LATB = 0x00;
0x07B0	0x6A8A      	CLRF        LATB 
;MyProject.c,81 :: 		LATD = 0x00;
0x07B2	0x6A8C      	CLRF        LATD 
;MyProject.c,82 :: 		LATC = 0x00;
0x07B4	0x6A8B      	CLRF        LATC 
;MyProject.c,83 :: 		ANSELA = 0;
0x07B6	0x010F      	MOVLB       15
0x07B8	0x6B38      	CLRF        ANSELA, 1
;MyProject.c,84 :: 		ANSELB = 0;
0x07BA	0x6B39      	CLRF        ANSELB, 1
;MyProject.c,85 :: 		ANSELC = 0;          // Configure PORTC pins as digital
0x07BC	0x6B3A      	CLRF        ANSELC, 1
;MyProject.c,86 :: 		ANSELD = 0;
0x07BE	0x6B3B      	CLRF        ANSELD, 1
;MyProject.c,88 :: 		TRISC.B3 = 1;
0x07C0	0x8694      	BSF         TRISC, 3 
;MyProject.c,89 :: 		TRISC.B4 = 1;
0x07C2	0x8894      	BSF         TRISC, 4 
;MyProject.c,90 :: 		TRISC.B6 = 1;
0x07C4	0x8C94      	BSF         TRISC, 6 
;MyProject.c,91 :: 		TRISC.B7 = 1;
0x07C6	0x8E94      	BSF         TRISC, 7 
;MyProject.c,93 :: 		UART1_Init(9600);   // initialisation de UART
0x07C8	0x86B8      	BSF         BAUDCON, 3, 0
0x07CA	0x6AB0      	CLRF        SPBRGH 
0x07CC	0x0ECF      	MOVLW       207
0x07CE	0x6EAF      	MOVWF       SPBRG 
0x07D0	0x84AC      	BSF         TXSTA, 2, 0
0x07D2	0xDDFA      	RCALL       _UART1_Init
;MyProject.c,94 :: 		Delay_ms(1000);
0x07D4	0x0E0B      	MOVLW       11
0x07D6	0x6E0B      	MOVWF       R11, 0
0x07D8	0x0E26      	MOVLW       38
0x07DA	0x6E0C      	MOVWF       R12, 0
0x07DC	0x0E5D      	MOVLW       93
0x07DE	0x6E0D      	MOVWF       R13, 0
L_main17:
0x07E0	0x2E0D      	DECFSZ      R13, 1, 0
0x07E2	0xD7FE      	BRA         L_main17
0x07E4	0x2E0C      	DECFSZ      R12, 1, 0
0x07E6	0xD7FC      	BRA         L_main17
0x07E8	0x2E0B      	DECFSZ      R11, 1, 0
0x07EA	0xD7FA      	BRA         L_main17
0x07EC	0x0000      	NOP
0x07EE	0x0000      	NOP
;MyProject.c,103 :: 		while(1){
L_main18:
;MyProject.c,104 :: 		switch(etape) {
0x07F0	0xD046      	BRA         L_main20
;MyProject.c,105 :: 		case 0:  // gnration d'une impulsion vers US
L_main22:
;MyProject.c,106 :: 		LATB1_bit = 1;
0x07F2	0x828A      	BSF         LATB1_bit, BitPos(LATB1_bit+0) 
;MyProject.c,107 :: 		compte = 0;
0x07F4	0x6A19      	CLRF        _compte 
0x07F6	0x6A1A      	CLRF        _compte+1 
;MyProject.c,108 :: 		etape++ ;
0x07F8	0x4A15      	INFSNZ      _etape, 1 
0x07FA	0x2A16      	INCF        _etape+1, 1 
;MyProject.c,109 :: 		break;
0x07FC	0xD053      	BRA         L_main21
;MyProject.c,110 :: 		case 1: // attente 1ms et retour  zro
L_main23:
;MyProject.c,111 :: 		Delay_ms(1);
0x07FE	0x0E03      	MOVLW       3
0x0800	0x6E0C      	MOVWF       R12, 0
0x0802	0x0E97      	MOVLW       151
0x0804	0x6E0D      	MOVWF       R13, 0
L_main24:
0x0806	0x2E0D      	DECFSZ      R13, 1, 0
0x0808	0xD7FE      	BRA         L_main24
0x080A	0x2E0C      	DECFSZ      R12, 1, 0
0x080C	0xD7FC      	BRA         L_main24
0x080E	0x0000      	NOP
0x0810	0x0000      	NOP
;MyProject.c,112 :: 		LATB1_bit = 0;
0x0812	0x928A      	BCF         LATB1_bit, BitPos(LATB1_bit+0) 
;MyProject.c,113 :: 		etape++ ;
0x0814	0x4A15      	INFSNZ      _etape, 1 
0x0816	0x2A16      	INCF        _etape+1, 1 
;MyProject.c,114 :: 		break;
0x0818	0xD045      	BRA         L_main21
;MyProject.c,115 :: 		case 2 : // vrifier si RB0 =1 (existence d'un ECHO sur le PORTB puis attendre 10ms
L_main25:
;MyProject.c,116 :: 		if(PORTB & 0x01){ // vrification de la valeur du registre d'entre  je teste l'echo
0x081A	0xA081      	BTFSS       PORTB, 0 
0x081C	0xD00C      	BRA         L_main26
;MyProject.c,117 :: 		while(PORTB & 0x01){
L_main27:
0x081E	0xA081      	BTFSS       PORTB, 0 
0x0820	0xD008      	BRA         L_main28
;MyProject.c,118 :: 		delay_us(10);
0x0822	0x0E06      	MOVLW       6
0x0824	0x6E0D      	MOVWF       R13, 0
L_main29:
0x0826	0x2E0D      	DECFSZ      R13, 1, 0
0x0828	0xD7FE      	BRA         L_main29
0x082A	0x0000      	NOP
;MyProject.c,119 :: 		compte++;
0x082C	0x4A19      	INFSNZ      _compte, 1 
0x082E	0x2A1A      	INCF        _compte+1, 1 
;MyProject.c,120 :: 		}
0x0830	0xD7F6      	BRA         L_main27
L_main28:
;MyProject.c,121 :: 		etape++;
0x0832	0x4A15      	INFSNZ      _etape, 1 
0x0834	0x2A16      	INCF        _etape+1, 1 
;MyProject.c,122 :: 		}
L_main26:
;MyProject.c,123 :: 		break;
0x0836	0xD036      	BRA         L_main21
;MyProject.c,124 :: 		default : // calcul de la distance via le modle constructeur
L_main30:
;MyProject.c,125 :: 		nombreaffiche = (int)compte*10/58.0;
0x0838	0xF000C019  	MOVFF       _compte, R0
0x083C	0xF001C01A  	MOVFF       _compte+1, R1
0x0840	0x0E0A      	MOVLW       10
0x0842	0x6E04      	MOVWF       R4 
0x0844	0x0E00      	MOVLW       0
0x0846	0x6E05      	MOVWF       R5 
0x0848	0xDCAA      	RCALL       _Mul_16X16_U
0x084A	0xDD9E      	RCALL       _int2double
0x084C	0x0E00      	MOVLW       0
0x084E	0x6E04      	MOVWF       R4 
0x0850	0x0E00      	MOVLW       0
0x0852	0x6E05      	MOVWF       R5 
0x0854	0x0E68      	MOVLW       104
0x0856	0x6E06      	MOVWF       R6 
0x0858	0x0E84      	MOVLW       132
0x085A	0x6E07      	MOVWF       R7 
0x085C	0xDDE7      	RCALL       _Div_32x32_FP
0x085E	0xDF33      	RCALL       _double2int
0x0860	0xF017C000  	MOVFF       R0, _nombreaffiche
0x0864	0xF018C001  	MOVFF       R1, _nombreaffiche+1
;MyProject.c,126 :: 		afficheNombre(nombreaffiche);
0x0868	0xF02BC000  	MOVFF       R0, FARG_afficheNombre_var
0x086C	0xF02CC001  	MOVFF       R1, FARG_afficheNombre_var+1
0x0870	0xDE97      	RCALL       _afficheNombre
;MyProject.c,151 :: 		UART1_Write(nombreaffiche);
0x0872	0xF02BC017  	MOVFF       _nombreaffiche, FARG_UART1_Write_data_
0x0876	0xDDD3      	RCALL       _UART1_Write
;MyProject.c,152 :: 		etape=0;
0x0878	0x6A15      	CLRF        _etape 
0x087A	0x6A16      	CLRF        _etape+1 
;MyProject.c,153 :: 		break;
0x087C	0xD013      	BRA         L_main21
;MyProject.c,154 :: 		}
L_main20:
0x087E	0x0E00      	MOVLW       0
0x0880	0x1816      	XORWF       _etape+1, 0 
0x0882	0xE102      	BNZ         L__main36
0x0884	0x0E00      	MOVLW       0
0x0886	0x1815      	XORWF       _etape, 0 
L__main36:
0x0888	0xE0B4      	BZ          L_main22
0x088A	0x0E00      	MOVLW       0
0x088C	0x1816      	XORWF       _etape+1, 0 
0x088E	0xE102      	BNZ         L__main37
0x0890	0x0E01      	MOVLW       1
0x0892	0x1815      	XORWF       _etape, 0 
L__main37:
0x0894	0xE0B4      	BZ          L_main23
0x0896	0x0E00      	MOVLW       0
0x0898	0x1816      	XORWF       _etape+1, 0 
0x089A	0xE102      	BNZ         L__main38
0x089C	0x0E02      	MOVLW       2
0x089E	0x1815      	XORWF       _etape, 0 
L__main38:
0x08A0	0xE0BC      	BZ          L_main25
0x08A2	0xD7CA      	BRA         L_main30
L_main21:
;MyProject.c,155 :: 		}
0x08A4	0xD7A5      	BRA         L_main18
;MyProject.c,156 :: 		}
L_end_main:
0x08A6	0xD7FF      	BRA         $+0
; end of _main
Symbol List:
//** Routines locations **
//ADDRESS    SIZE    PROCEDURE
//----------------------------------------------
0x001C       [8]    _FIXSIGN32
0x0024      [88]    _Div_16x16_S_L
0x007C      [26]    _SETFUN32
0x0096      [14]    _RES032
0x00A4      [28]    _SETIOV3224
0x00C0      [24]    _SETFOV32
0x00D8     [198]    _Div_16x16_S
0x019E      [80]    _Mul_16X16_U
0x01EE     [272]    _afficheChiffre
0x02FE       [8]    _SETFDZ32
0x0306     [114]    _NRM3232
0x0378      [16]    ___CC2DW
0x0388      [64]    _int2double
0x03C8      [86]    _UART1_Init
0x041E      [14]    _UART1_Write
0x042C     [372]    _Div_32x32_FP
0x05A0     [294]    _afficheNombre
0x06C6     [210]    _double2int
0x0798     [272]    _main
//** Variables locations ** 
//ADDRESS    SIZE    VARIABLE
//----------------------------------------------
0x0000       [1]    UART1_Init_tmp_L0
0x0000       [1]    UART2_Init_tmp_L0
0x0000       [1]    R0
0x0001       [1]    UART2_Read___tmp_UART2_Read_L0
0x0001       [1]    UART1_Read___tmp_UART1_Read_L0
0x0001       [1]    R1
0x0002       [1]    R2
0x0003       [1]    R3
0x0004       [1]    R4
0x0005       [1]    R5
0x0006       [1]    R6
0x0007       [1]    R7
0x0008       [1]    R8
0x0009       [1]    R9
0x000A       [1]    R10
0x000B       [1]    R11
0x000C       [1]    R12
0x000D       [1]    R13
0x000E       [1]    R14
0x000F       [1]    R15
0x0010       [1]    R16
0x0011       [1]    R17
0x0012       [1]    R18
0x0013       [1]    R19
0x0014       [1]    R20
0x0015       [2]    _etape
0x0017       [2]    _nombreaffiche
0x0019       [2]    _compte
0x001B       [4]    _UART_Wr_Ptr
0x001F       [4]    _UART_Tx_Idle_Ptr
0x0023       [4]    _UART_Rdy_Ptr
0x0027       [4]    _UART_Rd_Ptr
0x002B       [1]    FARG_UART1_Write_data_
0x002B       [2]    FARG_afficheNombre_var
0x002D       [1]    afficheNombre_chiffre1_L0
0x002E       [1]    afficheNombre_chiffre2_L0
0x002F       [1]    afficheNombre_chiffre3_L0
0x0030       [2]    FLOC__afficheNombre
0x0032       [1]    FARG_afficheChiffre_chiffre
0x0033       [2]    FARG_afficheChiffre_position
0x0F38       [1]    ANSELA
0x0F39       [1]    ANSELB
0x0F3A       [1]    ANSELC
0x0F3B       [1]    ANSELD
0x0F81       [1]    PORTB
0x0F89       [1]    LATA
0x0F8A       [0]    LATB1_bit
0x0F8A       [1]    LATB
0x0F8B       [1]    LATC
0x0F8C       [1]    LATD
0x0F8C       [0]    LATD4_bit
0x0F8C       [0]    LATD0_bit
0x0F8C       [0]    LATD1_bit
0x0F8C       [0]    LATD5_bit
0x0F8C       [0]    LATD2_bit
0x0F8C       [0]    LATD7_bit
0x0F8C       [0]    LATD3_bit
0x0F8C       [0]    LATD6_bit
0x0F92       [1]    TRISA
0x0F93       [1]    TRISB
0x0F94       [1]    TRISC
0x0F94       [0]    TRISC6_bit
0x0F94       [0]    TRISC7_bit
0x0F95       [1]    TRISD
0x0F9E       [1]    PIR1
0x0FAB       [1]    RCSTA
0x0FAC       [1]    TXSTA
0x0FAD       [1]    TXREG
0x0FAE       [1]    RCREG
0x0FAF       [1]    SPBRG
0x0FB0       [1]    SPBRGH
0x0FB8       [1]    BAUDCON
0x0FD8       [1]    STATUS
0x0FD9       [1]    FSR2L
0x0FDA       [1]    FSR2H
0x0FDE       [1]    POSTINC2
0x0FE0       [1]    BSR
0x0FE1       [1]    FSR1L
0x0FE2       [1]    FSR1H
0x0FE4       [1]    PREINC1
0x0FE6       [1]    POSTINC1
0x0FE7       [1]    INDF1
0x0FE8       [1]    WREG
0x0FE9       [1]    FSR0L
0x0FEA       [1]    FSR0H
0x0FEE       [1]    POSTINC0
0x0FF3       [1]    PRODL
0x0FF4       [1]    PRODH
0x0FF5       [1]    TABLAT
0x0FF6       [1]    TBLPTRL
0x0FF7       [1]    TBLPTRH
0x0FF8       [1]    TBLPTRU
